2024-11-12 08:34:11.435048: I tensorflow/core/util/port.cc:153] oneDNN custom operations are on. You may see slightly different numerical results due to floating-point round-off errors from different computation orders. To turn them off, set the environment variable `TF_ENABLE_ONEDNN_OPTS=0`.
2024-11-12 08:34:11.436090: I external/local_xla/xla/tsl/cuda/cudart_stub.cc:32] Could not find cuda drivers on your machine, GPU will not be used.
2024-11-12 08:34:11.441688: I external/local_xla/xla/tsl/cuda/cudart_stub.cc:32] Could not find cuda drivers on your machine, GPU will not be used.
2024-11-12 08:34:11.455672: E external/local_xla/xla/stream_executor/cuda/cuda_fft.cc:477] Unable to register cuFFT factory: Attempting to register factory for plugin cuFFT when one has already been registered
WARNING: All log messages before absl::InitializeLog() is called are written to STDERR
E0000 00:00:1731411251.477973  599887 cuda_dnn.cc:8310] Unable to register cuDNN factory: Attempting to register factory for plugin cuDNN when one has already been registered
E0000 00:00:1731411251.484334  599887 cuda_blas.cc:1418] Unable to register cuBLAS factory: Attempting to register factory for plugin cuBLAS when one has already been registered
2024-11-12 08:34:11.603994: I tensorflow/core/platform/cpu_feature_guard.cc:210] This TensorFlow binary is optimized to use available CPU instructions in performance-critical operations.
To enable the following instructions: AVX2 AVX512F AVX512_VNNI FMA, in other operations, rebuild TensorFlow with the appropriate compiler flags.
[I 2024-11-12 08:34:25,443] A new study created in memory with name: no-name-1eaa3f93-1c79-4b8c-840c-fbe05a470afa
/home/CIN/mpps/paulaperazzo/ExAI-project/src/optimization.py:33: FutureWarning: suggest_loguniform has been deprecated in v3.0.0. This feature will be removed in v6.0.0. See https://github.com/optuna/optuna/releases/tag/v3.0.0. Use suggest_float(..., log=True) instead.
  learning_rate = trial.suggest_loguniform("learning_rate", 1e-4, 1e-2)
W0000 00:00:1731411269.232913  599887 gpu_device.cc:2344] Cannot dlopen some GPU libraries. Please make sure the missing libraries mentioned above are installed properly if you would like to use GPU. Follow the guide at https://www.tensorflow.org/install/gpu for how to download and setup the required libraries for your platform.
Skipping registering GPU devices...
/home/CIN/mpps/paulaperazzo/ExAI-project/env/lib/python3.10/site-packages/keras/src/models/functional.py:225: UserWarning: The structure of `inputs` doesn't match the expected structure: ['keras_tensor', 'keras_tensor_6', 'keras_tensor_12', 'keras_tensor_18', 'keras_tensor_24', 'keras_tensor_30']. Received: the structure of inputs=('*', '*', '*', '*', '*', '*')
  warnings.warn(
[I 2024-11-12 08:34:51,541] Trial 0 finished with value: 0.9628252983093262 and parameters: {'num_filters1': 48, 'num_filters2': 32, 'dense_units1': 64, 'dense_units2': 96, 'learning_rate': 0.0036898821049103415, 'batch_size': 64}. Best is trial 0 with value: 0.9628252983093262.
/home/CIN/mpps/paulaperazzo/ExAI-project/src/optimization.py:33: FutureWarning: suggest_loguniform has been deprecated in v3.0.0. This feature will be removed in v6.0.0. See https://github.com/optuna/optuna/releases/tag/v3.0.0. Use suggest_float(..., log=True) instead.
  learning_rate = trial.suggest_loguniform("learning_rate", 1e-4, 1e-2)
/home/CIN/mpps/paulaperazzo/ExAI-project/env/lib/python3.10/site-packages/keras/src/models/functional.py:225: UserWarning: The structure of `inputs` doesn't match the expected structure: ['keras_tensor_40', 'keras_tensor_46', 'keras_tensor_52', 'keras_tensor_58', 'keras_tensor_64', 'keras_tensor_70']. Received: the structure of inputs=('*', '*', '*', '*', '*', '*')
  warnings.warn(
[I 2024-11-12 08:35:26,084] Trial 1 finished with value: 0.9572490453720093 and parameters: {'num_filters1': 32, 'num_filters2': 32, 'dense_units1': 256, 'dense_units2': 128, 'learning_rate': 0.0017176774271038609, 'batch_size': 64}. Best is trial 0 with value: 0.9628252983093262.
/home/CIN/mpps/paulaperazzo/ExAI-project/src/optimization.py:33: FutureWarning: suggest_loguniform has been deprecated in v3.0.0. This feature will be removed in v6.0.0. See https://github.com/optuna/optuna/releases/tag/v3.0.0. Use suggest_float(..., log=True) instead.
  learning_rate = trial.suggest_loguniform("learning_rate", 1e-4, 1e-2)
/home/CIN/mpps/paulaperazzo/ExAI-project/env/lib/python3.10/site-packages/keras/src/models/functional.py:225: UserWarning: The structure of `inputs` doesn't match the expected structure: ['keras_tensor_80', 'keras_tensor_86', 'keras_tensor_92', 'keras_tensor_98', 'keras_tensor_104', 'keras_tensor_110']. Received: the structure of inputs=('*', '*', '*', '*', '*', '*')
  warnings.warn(
[I 2024-11-12 08:36:30,372] Trial 2 finished with value: 0.9637546539306641 and parameters: {'num_filters1': 64, 'num_filters2': 64, 'dense_units1': 192, 'dense_units2': 128, 'learning_rate': 0.0002069234294034246, 'batch_size': 32}. Best is trial 2 with value: 0.9637546539306641.
/home/CIN/mpps/paulaperazzo/ExAI-project/src/optimization.py:33: FutureWarning: suggest_loguniform has been deprecated in v3.0.0. This feature will be removed in v6.0.0. See https://github.com/optuna/optuna/releases/tag/v3.0.0. Use suggest_float(..., log=True) instead.
  learning_rate = trial.suggest_loguniform("learning_rate", 1e-4, 1e-2)
/home/CIN/mpps/paulaperazzo/ExAI-project/env/lib/python3.10/site-packages/keras/src/models/functional.py:225: UserWarning: The structure of `inputs` doesn't match the expected structure: ['keras_tensor_120', 'keras_tensor_126', 'keras_tensor_132', 'keras_tensor_138', 'keras_tensor_144', 'keras_tensor_150']. Received: the structure of inputs=('*', '*', '*', '*', '*', '*')
  warnings.warn(
[I 2024-11-12 08:37:39,480] Trial 3 finished with value: 0.9656133651733398 and parameters: {'num_filters1': 48, 'num_filters2': 64, 'dense_units1': 128, 'dense_units2': 32, 'learning_rate': 0.00547055032019106, 'batch_size': 32}. Best is trial 3 with value: 0.9656133651733398.
/home/CIN/mpps/paulaperazzo/ExAI-project/src/optimization.py:33: FutureWarning: suggest_loguniform has been deprecated in v3.0.0. This feature will be removed in v6.0.0. See https://github.com/optuna/optuna/releases/tag/v3.0.0. Use suggest_float(..., log=True) instead.
  learning_rate = trial.suggest_loguniform("learning_rate", 1e-4, 1e-2)
/home/CIN/mpps/paulaperazzo/ExAI-project/env/lib/python3.10/site-packages/keras/src/models/functional.py:225: UserWarning: The structure of `inputs` doesn't match the expected structure: ['keras_tensor_160', 'keras_tensor_166', 'keras_tensor_172', 'keras_tensor_178', 'keras_tensor_184', 'keras_tensor_190']. Received: the structure of inputs=('*', '*', '*', '*', '*', '*')
  warnings.warn(
[I 2024-11-12 08:39:06,914] Trial 4 finished with value: 0.9572490453720093 and parameters: {'num_filters1': 48, 'num_filters2': 128, 'dense_units1': 128, 'dense_units2': 96, 'learning_rate': 0.00012427445479069228, 'batch_size': 16}. Best is trial 3 with value: 0.9656133651733398.
/home/CIN/mpps/paulaperazzo/ExAI-project/src/optimization.py:33: FutureWarning: suggest_loguniform has been deprecated in v3.0.0. This feature will be removed in v6.0.0. See https://github.com/optuna/optuna/releases/tag/v3.0.0. Use suggest_float(..., log=True) instead.
  learning_rate = trial.suggest_loguniform("learning_rate", 1e-4, 1e-2)
/home/CIN/mpps/paulaperazzo/ExAI-project/env/lib/python3.10/site-packages/keras/src/models/functional.py:225: UserWarning: The structure of `inputs` doesn't match the expected structure: ['keras_tensor_200', 'keras_tensor_206', 'keras_tensor_212', 'keras_tensor_218', 'keras_tensor_224', 'keras_tensor_230']. Received: the structure of inputs=('*', '*', '*', '*', '*', '*')
  warnings.warn(
[I 2024-11-12 08:39:55,397] Trial 5 finished with value: 0.9553903341293335 and parameters: {'num_filters1': 48, 'num_filters2': 64, 'dense_units1': 256, 'dense_units2': 96, 'learning_rate': 0.0009800577138602872, 'batch_size': 32}. Best is trial 3 with value: 0.9656133651733398.
/home/CIN/mpps/paulaperazzo/ExAI-project/src/optimization.py:33: FutureWarning: suggest_loguniform has been deprecated in v3.0.0. This feature will be removed in v6.0.0. See https://github.com/optuna/optuna/releases/tag/v3.0.0. Use suggest_float(..., log=True) instead.
  learning_rate = trial.suggest_loguniform("learning_rate", 1e-4, 1e-2)
/home/CIN/mpps/paulaperazzo/ExAI-project/env/lib/python3.10/site-packages/keras/src/models/functional.py:225: UserWarning: The structure of `inputs` doesn't match the expected structure: ['keras_tensor_240', 'keras_tensor_246', 'keras_tensor_252', 'keras_tensor_258', 'keras_tensor_264', 'keras_tensor_270']. Received: the structure of inputs=('*', '*', '*', '*', '*', '*')
  warnings.warn(
[I 2024-11-12 08:40:57,912] Trial 6 finished with value: 0.964684009552002 and parameters: {'num_filters1': 48, 'num_filters2': 64, 'dense_units1': 256, 'dense_units2': 32, 'learning_rate': 0.002920396969750562, 'batch_size': 32}. Best is trial 3 with value: 0.9656133651733398.
/home/CIN/mpps/paulaperazzo/ExAI-project/src/optimization.py:33: FutureWarning: suggest_loguniform has been deprecated in v3.0.0. This feature will be removed in v6.0.0. See https://github.com/optuna/optuna/releases/tag/v3.0.0. Use suggest_float(..., log=True) instead.
  learning_rate = trial.suggest_loguniform("learning_rate", 1e-4, 1e-2)
/home/CIN/mpps/paulaperazzo/ExAI-project/env/lib/python3.10/site-packages/keras/src/models/functional.py:225: UserWarning: The structure of `inputs` doesn't match the expected structure: ['keras_tensor_280', 'keras_tensor_286', 'keras_tensor_292', 'keras_tensor_298', 'keras_tensor_304', 'keras_tensor_310']. Received: the structure of inputs=('*', '*', '*', '*', '*', '*')
  warnings.warn(
[I 2024-11-12 08:41:42,097] Trial 7 finished with value: 0.9628252983093262 and parameters: {'num_filters1': 48, 'num_filters2': 64, 'dense_units1': 64, 'dense_units2': 32, 'learning_rate': 0.0003422967011590844, 'batch_size': 16}. Best is trial 3 with value: 0.9656133651733398.
/home/CIN/mpps/paulaperazzo/ExAI-project/src/optimization.py:33: FutureWarning: suggest_loguniform has been deprecated in v3.0.0. This feature will be removed in v6.0.0. See https://github.com/optuna/optuna/releases/tag/v3.0.0. Use suggest_float(..., log=True) instead.
  learning_rate = trial.suggest_loguniform("learning_rate", 1e-4, 1e-2)
/home/CIN/mpps/paulaperazzo/ExAI-project/env/lib/python3.10/site-packages/keras/src/models/functional.py:225: UserWarning: The structure of `inputs` doesn't match the expected structure: ['keras_tensor_320', 'keras_tensor_326', 'keras_tensor_332', 'keras_tensor_338', 'keras_tensor_344', 'keras_tensor_350']. Received: the structure of inputs=('*', '*', '*', '*', '*', '*')
  warnings.warn(
[I 2024-11-12 08:42:13,209] Trial 8 finished with value: 0.9637546539306641 and parameters: {'num_filters1': 64, 'num_filters2': 32, 'dense_units1': 128, 'dense_units2': 128, 'learning_rate': 0.0019575974877628155, 'batch_size': 32}. Best is trial 3 with value: 0.9656133651733398.
/home/CIN/mpps/paulaperazzo/ExAI-project/src/optimization.py:33: FutureWarning: suggest_loguniform has been deprecated in v3.0.0. This feature will be removed in v6.0.0. See https://github.com/optuna/optuna/releases/tag/v3.0.0. Use suggest_float(..., log=True) instead.
  learning_rate = trial.suggest_loguniform("learning_rate", 1e-4, 1e-2)
/home/CIN/mpps/paulaperazzo/ExAI-project/env/lib/python3.10/site-packages/keras/src/models/functional.py:225: UserWarning: The structure of `inputs` doesn't match the expected structure: ['keras_tensor_360', 'keras_tensor_366', 'keras_tensor_372', 'keras_tensor_378', 'keras_tensor_384', 'keras_tensor_390']. Received: the structure of inputs=('*', '*', '*', '*', '*', '*')
  warnings.warn(
[I 2024-11-12 08:42:44,355] Trial 9 finished with value: 0.9581784605979919 and parameters: {'num_filters1': 16, 'num_filters2': 96, 'dense_units1': 64, 'dense_units2': 96, 'learning_rate': 0.00048647364044939747, 'batch_size': 64}. Best is trial 3 with value: 0.9656133651733398.
/home/CIN/mpps/paulaperazzo/ExAI-project/src/optimization.py:33: FutureWarning: suggest_loguniform has been deprecated in v3.0.0. This feature will be removed in v6.0.0. See https://github.com/optuna/optuna/releases/tag/v3.0.0. Use suggest_float(..., log=True) instead.
  learning_rate = trial.suggest_loguniform("learning_rate", 1e-4, 1e-2)
/home/CIN/mpps/paulaperazzo/ExAI-project/env/lib/python3.10/site-packages/keras/src/models/functional.py:225: UserWarning: The structure of `inputs` doesn't match the expected structure: ['keras_tensor_400', 'keras_tensor_406', 'keras_tensor_412', 'keras_tensor_418', 'keras_tensor_424', 'keras_tensor_430']. Received: the structure of inputs=('*', '*', '*', '*', '*', '*')
  warnings.warn(
[I 2024-11-12 08:43:28,509] Trial 10 finished with value: 0.9488847851753235 and parameters: {'num_filters1': 16, 'num_filters2': 128, 'dense_units1': 192, 'dense_units2': 64, 'learning_rate': 0.00838352673492082, 'batch_size': 128}. Best is trial 3 with value: 0.9656133651733398.
/home/CIN/mpps/paulaperazzo/ExAI-project/src/optimization.py:33: FutureWarning: suggest_loguniform has been deprecated in v3.0.0. This feature will be removed in v6.0.0. See https://github.com/optuna/optuna/releases/tag/v3.0.0. Use suggest_float(..., log=True) instead.
  learning_rate = trial.suggest_loguniform("learning_rate", 1e-4, 1e-2)
/home/CIN/mpps/paulaperazzo/ExAI-project/env/lib/python3.10/site-packages/keras/src/models/functional.py:225: UserWarning: The structure of `inputs` doesn't match the expected structure: ['keras_tensor_440', 'keras_tensor_446', 'keras_tensor_452', 'keras_tensor_458', 'keras_tensor_464', 'keras_tensor_470']. Received: the structure of inputs=('*', '*', '*', '*', '*', '*')
  warnings.warn(
[I 2024-11-12 08:44:32,958] Trial 11 finished with value: 0.8717471957206726 and parameters: {'num_filters1': 32, 'num_filters2': 96, 'dense_units1': 192, 'dense_units2': 32, 'learning_rate': 0.008510965882619218, 'batch_size': 32}. Best is trial 3 with value: 0.9656133651733398.
/home/CIN/mpps/paulaperazzo/ExAI-project/src/optimization.py:33: FutureWarning: suggest_loguniform has been deprecated in v3.0.0. This feature will be removed in v6.0.0. See https://github.com/optuna/optuna/releases/tag/v3.0.0. Use suggest_float(..., log=True) instead.
  learning_rate = trial.suggest_loguniform("learning_rate", 1e-4, 1e-2)
/home/CIN/mpps/paulaperazzo/ExAI-project/env/lib/python3.10/site-packages/keras/src/models/functional.py:225: UserWarning: The structure of `inputs` doesn't match the expected structure: ['keras_tensor_480', 'keras_tensor_486', 'keras_tensor_492', 'keras_tensor_498', 'keras_tensor_504', 'keras_tensor_510']. Received: the structure of inputs=('*', '*', '*', '*', '*', '*')
  warnings.warn(
[I 2024-11-12 08:46:02,346] Trial 12 finished with value: 0.9665427803993225 and parameters: {'num_filters1': 64, 'num_filters2': 64, 'dense_units1': 128, 'dense_units2': 32, 'learning_rate': 0.003463189088147371, 'batch_size': 32}. Best is trial 12 with value: 0.9665427803993225.
/home/CIN/mpps/paulaperazzo/ExAI-project/src/optimization.py:33: FutureWarning: suggest_loguniform has been deprecated in v3.0.0. This feature will be removed in v6.0.0. See https://github.com/optuna/optuna/releases/tag/v3.0.0. Use suggest_float(..., log=True) instead.
  learning_rate = trial.suggest_loguniform("learning_rate", 1e-4, 1e-2)
/home/CIN/mpps/paulaperazzo/ExAI-project/env/lib/python3.10/site-packages/keras/src/models/functional.py:225: UserWarning: The structure of `inputs` doesn't match the expected structure: ['keras_tensor_520', 'keras_tensor_526', 'keras_tensor_532', 'keras_tensor_538', 'keras_tensor_544', 'keras_tensor_550']. Received: the structure of inputs=('*', '*', '*', '*', '*', '*')
  warnings.warn(
[I 2024-11-12 08:46:48,826] Trial 13 finished with value: 0.9618958830833435 and parameters: {'num_filters1': 64, 'num_filters2': 96, 'dense_units1': 128, 'dense_units2': 64, 'learning_rate': 0.004361154979192496, 'batch_size': 128}. Best is trial 12 with value: 0.9665427803993225.
/home/CIN/mpps/paulaperazzo/ExAI-project/src/optimization.py:33: FutureWarning: suggest_loguniform has been deprecated in v3.0.0. This feature will be removed in v6.0.0. See https://github.com/optuna/optuna/releases/tag/v3.0.0. Use suggest_float(..., log=True) instead.
  learning_rate = trial.suggest_loguniform("learning_rate", 1e-4, 1e-2)
/home/CIN/mpps/paulaperazzo/ExAI-project/env/lib/python3.10/site-packages/keras/src/models/functional.py:225: UserWarning: The structure of `inputs` doesn't match the expected structure: ['keras_tensor_560', 'keras_tensor_566', 'keras_tensor_572', 'keras_tensor_578', 'keras_tensor_584', 'keras_tensor_590']. Received: the structure of inputs=('*', '*', '*', '*', '*', '*')
  warnings.warn(
[I 2024-11-12 08:47:36,349] Trial 14 finished with value: 0.9739776849746704 and parameters: {'num_filters1': 64, 'num_filters2': 64, 'dense_units1': 128, 'dense_units2': 64, 'learning_rate': 0.0011180143336734097, 'batch_size': 32}. Best is trial 14 with value: 0.9739776849746704.
/home/CIN/mpps/paulaperazzo/ExAI-project/src/optimization.py:33: FutureWarning: suggest_loguniform has been deprecated in v3.0.0. This feature will be removed in v6.0.0. See https://github.com/optuna/optuna/releases/tag/v3.0.0. Use suggest_float(..., log=True) instead.
  learning_rate = trial.suggest_loguniform("learning_rate", 1e-4, 1e-2)
/home/CIN/mpps/paulaperazzo/ExAI-project/env/lib/python3.10/site-packages/keras/src/models/functional.py:225: UserWarning: The structure of `inputs` doesn't match the expected structure: ['keras_tensor_600', 'keras_tensor_606', 'keras_tensor_612', 'keras_tensor_618', 'keras_tensor_624', 'keras_tensor_630']. Received: the structure of inputs=('*', '*', '*', '*', '*', '*')
  warnings.warn(
[I 2024-11-12 08:48:28,957] Trial 15 finished with value: 0.9684014916419983 and parameters: {'num_filters1': 64, 'num_filters2': 96, 'dense_units1': 128, 'dense_units2': 64, 'learning_rate': 0.0008361954572727125, 'batch_size': 32}. Best is trial 14 with value: 0.9739776849746704.
/home/CIN/mpps/paulaperazzo/ExAI-project/src/optimization.py:33: FutureWarning: suggest_loguniform has been deprecated in v3.0.0. This feature will be removed in v6.0.0. See https://github.com/optuna/optuna/releases/tag/v3.0.0. Use suggest_float(..., log=True) instead.
  learning_rate = trial.suggest_loguniform("learning_rate", 1e-4, 1e-2)
/home/CIN/mpps/paulaperazzo/ExAI-project/env/lib/python3.10/site-packages/keras/src/models/functional.py:225: UserWarning: The structure of `inputs` doesn't match the expected structure: ['keras_tensor_640', 'keras_tensor_646', 'keras_tensor_652', 'keras_tensor_658', 'keras_tensor_664', 'keras_tensor_670']. Received: the structure of inputs=('*', '*', '*', '*', '*', '*')
  warnings.warn(
[I 2024-11-12 08:49:29,502] Trial 16 finished with value: 0.9609665274620056 and parameters: {'num_filters1': 64, 'num_filters2': 96, 'dense_units1': 192, 'dense_units2': 64, 'learning_rate': 0.0007971277626159361, 'batch_size': 32}. Best is trial 14 with value: 0.9739776849746704.
/home/CIN/mpps/paulaperazzo/ExAI-project/src/optimization.py:33: FutureWarning: suggest_loguniform has been deprecated in v3.0.0. This feature will be removed in v6.0.0. See https://github.com/optuna/optuna/releases/tag/v3.0.0. Use suggest_float(..., log=True) instead.
  learning_rate = trial.suggest_loguniform("learning_rate", 1e-4, 1e-2)
/home/CIN/mpps/paulaperazzo/ExAI-project/env/lib/python3.10/site-packages/keras/src/models/functional.py:225: UserWarning: The structure of `inputs` doesn't match the expected structure: ['keras_tensor_680', 'keras_tensor_686', 'keras_tensor_692', 'keras_tensor_698', 'keras_tensor_704', 'keras_tensor_710']. Received: the structure of inputs=('*', '*', '*', '*', '*', '*')
  warnings.warn(
[I 2024-11-12 08:50:36,997] Trial 17 finished with value: 0.9609665274620056 and parameters: {'num_filters1': 64, 'num_filters2': 128, 'dense_units1': 64, 'dense_units2': 64, 'learning_rate': 0.0005565784958636856, 'batch_size': 16}. Best is trial 14 with value: 0.9739776849746704.
/home/CIN/mpps/paulaperazzo/ExAI-project/src/optimization.py:33: FutureWarning: suggest_loguniform has been deprecated in v3.0.0. This feature will be removed in v6.0.0. See https://github.com/optuna/optuna/releases/tag/v3.0.0. Use suggest_float(..., log=True) instead.
  learning_rate = trial.suggest_loguniform("learning_rate", 1e-4, 1e-2)
/home/CIN/mpps/paulaperazzo/ExAI-project/env/lib/python3.10/site-packages/keras/src/models/functional.py:225: UserWarning: The structure of `inputs` doesn't match the expected structure: ['keras_tensor_720', 'keras_tensor_726', 'keras_tensor_732', 'keras_tensor_738', 'keras_tensor_744', 'keras_tensor_750']. Received: the structure of inputs=('*', '*', '*', '*', '*', '*')
  warnings.warn(
