[I 2024-11-12 08:51:08,215] Trial 18 finished with value: 0.9544609785079956 and parameters: {'num_filters1': 32, 'num_filters2': 96, 'dense_units1': 128, 'dense_units2': 64, 'learning_rate': 0.0018876791724362714, 'batch_size': 128}. Best is trial 14 with value: 0.9739776849746704.
/home/CIN/mpps/paulaperazzo/ExAI-project/src/optimization.py:33: FutureWarning: suggest_loguniform has been deprecated in v3.0.0. This feature will be removed in v6.0.0. See https://github.com/optuna/optuna/releases/tag/v3.0.0. Use suggest_float(..., log=True) instead.
  learning_rate = trial.suggest_loguniform("learning_rate", 1e-4, 1e-2)
/home/CIN/mpps/paulaperazzo/ExAI-project/env/lib/python3.10/site-packages/keras/src/models/functional.py:225: UserWarning: The structure of `inputs` doesn't match the expected structure: ['keras_tensor_760', 'keras_tensor_766', 'keras_tensor_772', 'keras_tensor_778', 'keras_tensor_784', 'keras_tensor_790']. Received: the structure of inputs=('*', '*', '*', '*', '*', '*')
  warnings.warn(
[I 2024-11-12 08:52:36,151] Trial 19 finished with value: 0.9581784605979919 and parameters: {'num_filters1': 64, 'num_filters2': 96, 'dense_units1': 192, 'dense_units2': 64, 'learning_rate': 0.0012669729196926286, 'batch_size': 32}. Best is trial 14 with value: 0.9739776849746704.
/home/CIN/mpps/paulaperazzo/ExAI-project/src/optimization.py:33: FutureWarning: suggest_loguniform has been deprecated in v3.0.0. This feature will be removed in v6.0.0. See https://github.com/optuna/optuna/releases/tag/v3.0.0. Use suggest_float(..., log=True) instead.
  learning_rate = trial.suggest_loguniform("learning_rate", 1e-4, 1e-2)
/home/CIN/mpps/paulaperazzo/ExAI-project/env/lib/python3.10/site-packages/keras/src/models/functional.py:225: UserWarning: The structure of `inputs` doesn't match the expected structure: ['keras_tensor_800', 'keras_tensor_806', 'keras_tensor_812', 'keras_tensor_818', 'keras_tensor_824', 'keras_tensor_830']. Received: the structure of inputs=('*', '*', '*', '*', '*', '*')
  warnings.warn(
[I 2024-11-12 08:53:36,436] Trial 20 finished with value: 0.9702602028846741 and parameters: {'num_filters1': 64, 'num_filters2': 128, 'dense_units1': 64, 'dense_units2': 96, 'learning_rate': 0.0002858988536946475, 'batch_size': 32}. Best is trial 14 with value: 0.9739776849746704.
/home/CIN/mpps/paulaperazzo/ExAI-project/src/optimization.py:33: FutureWarning: suggest_loguniform has been deprecated in v3.0.0. This feature will be removed in v6.0.0. See https://github.com/optuna/optuna/releases/tag/v3.0.0. Use suggest_float(..., log=True) instead.
  learning_rate = trial.suggest_loguniform("learning_rate", 1e-4, 1e-2)
/home/CIN/mpps/paulaperazzo/ExAI-project/env/lib/python3.10/site-packages/keras/src/models/functional.py:225: UserWarning: The structure of `inputs` doesn't match the expected structure: ['keras_tensor_840', 'keras_tensor_846', 'keras_tensor_852', 'keras_tensor_858', 'keras_tensor_864', 'keras_tensor_870']. Received: the structure of inputs=('*', '*', '*', '*', '*', '*')
  warnings.warn(
[I 2024-11-12 08:54:33,689] Trial 21 finished with value: 0.9674721360206604 and parameters: {'num_filters1': 64, 'num_filters2': 128, 'dense_units1': 64, 'dense_units2': 96, 'learning_rate': 0.00030479204388398484, 'batch_size': 32}. Best is trial 14 with value: 0.9739776849746704.
/home/CIN/mpps/paulaperazzo/ExAI-project/src/optimization.py:33: FutureWarning: suggest_loguniform has been deprecated in v3.0.0. This feature will be removed in v6.0.0. See https://github.com/optuna/optuna/releases/tag/v3.0.0. Use suggest_float(..., log=True) instead.
  learning_rate = trial.suggest_loguniform("learning_rate", 1e-4, 1e-2)
/home/CIN/mpps/paulaperazzo/ExAI-project/env/lib/python3.10/site-packages/keras/src/models/functional.py:225: UserWarning: The structure of `inputs` doesn't match the expected structure: ['keras_tensor_880', 'keras_tensor_886', 'keras_tensor_892', 'keras_tensor_898', 'keras_tensor_904', 'keras_tensor_910']. Received: the structure of inputs=('*', '*', '*', '*', '*', '*')
  warnings.warn(
[I 2024-11-12 08:55:31,134] Trial 22 finished with value: 0.9721189737319946 and parameters: {'num_filters1': 64, 'num_filters2': 128, 'dense_units1': 64, 'dense_units2': 64, 'learning_rate': 0.0007325442959367838, 'batch_size': 32}. Best is trial 14 with value: 0.9739776849746704.
/home/CIN/mpps/paulaperazzo/ExAI-project/src/optimization.py:33: FutureWarning: suggest_loguniform has been deprecated in v3.0.0. This feature will be removed in v6.0.0. See https://github.com/optuna/optuna/releases/tag/v3.0.0. Use suggest_float(..., log=True) instead.
  learning_rate = trial.suggest_loguniform("learning_rate", 1e-4, 1e-2)
/home/CIN/mpps/paulaperazzo/ExAI-project/env/lib/python3.10/site-packages/keras/src/models/functional.py:225: UserWarning: The structure of `inputs` doesn't match the expected structure: ['keras_tensor_920', 'keras_tensor_926', 'keras_tensor_932', 'keras_tensor_938', 'keras_tensor_944', 'keras_tensor_950']. Received: the structure of inputs=('*', '*', '*', '*', '*', '*')
  warnings.warn(
[I 2024-11-12 08:56:53,375] Trial 23 finished with value: 0.9637546539306641 and parameters: {'num_filters1': 64, 'num_filters2': 128, 'dense_units1': 64, 'dense_units2': 96, 'learning_rate': 0.00018526300305242134, 'batch_size': 32}. Best is trial 14 with value: 0.9739776849746704.
/home/CIN/mpps/paulaperazzo/ExAI-project/src/optimization.py:33: FutureWarning: suggest_loguniform has been deprecated in v3.0.0. This feature will be removed in v6.0.0. See https://github.com/optuna/optuna/releases/tag/v3.0.0. Use suggest_float(..., log=True) instead.
  learning_rate = trial.suggest_loguniform("learning_rate", 1e-4, 1e-2)
/home/CIN/mpps/paulaperazzo/ExAI-project/env/lib/python3.10/site-packages/keras/src/models/functional.py:225: UserWarning: The structure of `inputs` doesn't match the expected structure: ['keras_tensor_960', 'keras_tensor_966', 'keras_tensor_972', 'keras_tensor_978', 'keras_tensor_984', 'keras_tensor_990']. Received: the structure of inputs=('*', '*', '*', '*', '*', '*')
  warnings.warn(
[I 2024-11-12 08:57:44,502] Trial 24 finished with value: 0.9656133651733398 and parameters: {'num_filters1': 48, 'num_filters2': 128, 'dense_units1': 64, 'dense_units2': 64, 'learning_rate': 0.0005243058073809252, 'batch_size': 32}. Best is trial 14 with value: 0.9739776849746704.
/home/CIN/mpps/paulaperazzo/ExAI-project/src/optimization.py:33: FutureWarning: suggest_loguniform has been deprecated in v3.0.0. This feature will be removed in v6.0.0. See https://github.com/optuna/optuna/releases/tag/v3.0.0. Use suggest_float(..., log=True) instead.
  learning_rate = trial.suggest_loguniform("learning_rate", 1e-4, 1e-2)
/home/CIN/mpps/paulaperazzo/ExAI-project/env/lib/python3.10/site-packages/keras/src/models/functional.py:225: UserWarning: The structure of `inputs` doesn't match the expected structure: ['keras_tensor_1000', 'keras_tensor_1006', 'keras_tensor_1012', 'keras_tensor_1018', 'keras_tensor_1024', 'keras_tensor_1030']. Received: the structure of inputs=('*', '*', '*', '*', '*', '*')
  warnings.warn(
[I 2024-11-12 08:58:44,164] Trial 25 finished with value: 0.9507434964179993 and parameters: {'num_filters1': 64, 'num_filters2': 128, 'dense_units1': 64, 'dense_units2': 96, 'learning_rate': 0.0003038955244937643, 'batch_size': 32}. Best is trial 14 with value: 0.9739776849746704.
/home/CIN/mpps/paulaperazzo/ExAI-project/src/optimization.py:33: FutureWarning: suggest_loguniform has been deprecated in v3.0.0. This feature will be removed in v6.0.0. See https://github.com/optuna/optuna/releases/tag/v3.0.0. Use suggest_float(..., log=True) instead.
  learning_rate = trial.suggest_loguniform("learning_rate", 1e-4, 1e-2)
/home/CIN/mpps/paulaperazzo/ExAI-project/env/lib/python3.10/site-packages/keras/src/models/functional.py:225: UserWarning: The structure of `inputs` doesn't match the expected structure: ['keras_tensor_1040', 'keras_tensor_1046', 'keras_tensor_1052', 'keras_tensor_1058', 'keras_tensor_1064', 'keras_tensor_1070']. Received: the structure of inputs=('*', '*', '*', '*', '*', '*')
  warnings.warn(
[I 2024-11-12 08:59:16,515] Trial 26 finished with value: 0.9628252983093262 and parameters: {'num_filters1': 48, 'num_filters2': 128, 'dense_units1': 64, 'dense_units2': 64, 'learning_rate': 0.0013163852575142688, 'batch_size': 128}. Best is trial 14 with value: 0.9739776849746704.
/home/CIN/mpps/paulaperazzo/ExAI-project/src/optimization.py:33: FutureWarning: suggest_loguniform has been deprecated in v3.0.0. This feature will be removed in v6.0.0. See https://github.com/optuna/optuna/releases/tag/v3.0.0. Use suggest_float(..., log=True) instead.
  learning_rate = trial.suggest_loguniform("learning_rate", 1e-4, 1e-2)
/home/CIN/mpps/paulaperazzo/ExAI-project/env/lib/python3.10/site-packages/keras/src/models/functional.py:225: UserWarning: The structure of `inputs` doesn't match the expected structure: ['keras_tensor_1080', 'keras_tensor_1086', 'keras_tensor_1092', 'keras_tensor_1098', 'keras_tensor_1104', 'keras_tensor_1110']. Received: the structure of inputs=('*', '*', '*', '*', '*', '*')
  warnings.warn(
[I 2024-11-12 08:59:57,002] Trial 27 finished with value: 0.9535316228866577 and parameters: {'num_filters1': 64, 'num_filters2': 32, 'dense_units1': 128, 'dense_units2': 96, 'learning_rate': 0.00010676434045417367, 'batch_size': 64}. Best is trial 14 with value: 0.9739776849746704.
/home/CIN/mpps/paulaperazzo/ExAI-project/src/optimization.py:33: FutureWarning: suggest_loguniform has been deprecated in v3.0.0. This feature will be removed in v6.0.0. See https://github.com/optuna/optuna/releases/tag/v3.0.0. Use suggest_float(..., log=True) instead.
  learning_rate = trial.suggest_loguniform("learning_rate", 1e-4, 1e-2)
/home/CIN/mpps/paulaperazzo/ExAI-project/env/lib/python3.10/site-packages/keras/src/models/functional.py:225: UserWarning: The structure of `inputs` doesn't match the expected structure: ['keras_tensor_1120', 'keras_tensor_1126', 'keras_tensor_1132', 'keras_tensor_1138', 'keras_tensor_1144', 'keras_tensor_1150']. Received: the structure of inputs=('*', '*', '*', '*', '*', '*')
  warnings.warn(
[I 2024-11-12 09:00:39,679] Trial 28 finished with value: 0.9665427803993225 and parameters: {'num_filters1': 32, 'num_filters2': 96, 'dense_units1': 64, 'dense_units2': 128, 'learning_rate': 0.0006757625997368215, 'batch_size': 16}. Best is trial 14 with value: 0.9739776849746704.
/home/CIN/mpps/paulaperazzo/ExAI-project/src/optimization.py:33: FutureWarning: suggest_loguniform has been deprecated in v3.0.0. This feature will be removed in v6.0.0. See https://github.com/optuna/optuna/releases/tag/v3.0.0. Use suggest_float(..., log=True) instead.
  learning_rate = trial.suggest_loguniform("learning_rate", 1e-4, 1e-2)
/home/CIN/mpps/paulaperazzo/ExAI-project/env/lib/python3.10/site-packages/keras/src/models/functional.py:225: UserWarning: The structure of `inputs` doesn't match the expected structure: ['keras_tensor_1160', 'keras_tensor_1166', 'keras_tensor_1172', 'keras_tensor_1178', 'keras_tensor_1184', 'keras_tensor_1190']. Received: the structure of inputs=('*', '*', '*', '*', '*', '*')
  warnings.warn(
[I 2024-11-12 09:01:12,372] Trial 29 finished with value: 0.9730483293533325 and parameters: {'num_filters1': 48, 'num_filters2': 32, 'dense_units1': 64, 'dense_units2': 96, 'learning_rate': 0.00038989104488107435, 'batch_size': 64}. Best is trial 14 with value: 0.9739776849746704.
/home/CIN/mpps/paulaperazzo/ExAI-project/src/optimization.py:33: FutureWarning: suggest_loguniform has been deprecated in v3.0.0. This feature will be removed in v6.0.0. See https://github.com/optuna/optuna/releases/tag/v3.0.0. Use suggest_float(..., log=True) instead.
  learning_rate = trial.suggest_loguniform("learning_rate", 1e-4, 1e-2)
/home/CIN/mpps/paulaperazzo/ExAI-project/env/lib/python3.10/site-packages/keras/src/models/functional.py:225: UserWarning: The structure of `inputs` doesn't match the expected structure: ['keras_tensor_1200', 'keras_tensor_1206', 'keras_tensor_1212', 'keras_tensor_1218', 'keras_tensor_1224', 'keras_tensor_1230']. Received: the structure of inputs=('*', '*', '*', '*', '*', '*')
  warnings.warn(
[I 2024-11-12 09:01:38,620] Trial 30 finished with value: 0.964684009552002 and parameters: {'num_filters1': 48, 'num_filters2': 32, 'dense_units1': 64, 'dense_units2': 64, 'learning_rate': 0.00042415918510525547, 'batch_size': 64}. Best is trial 14 with value: 0.9739776849746704.
/home/CIN/mpps/paulaperazzo/ExAI-project/src/optimization.py:33: FutureWarning: suggest_loguniform has been deprecated in v3.0.0. This feature will be removed in v6.0.0. See https://github.com/optuna/optuna/releases/tag/v3.0.0. Use suggest_float(..., log=True) instead.
  learning_rate = trial.suggest_loguniform("learning_rate", 1e-4, 1e-2)
/home/CIN/mpps/paulaperazzo/ExAI-project/env/lib/python3.10/site-packages/keras/src/models/functional.py:225: UserWarning: The structure of `inputs` doesn't match the expected structure: ['keras_tensor_1240', 'keras_tensor_1246', 'keras_tensor_1252', 'keras_tensor_1258', 'keras_tensor_1264', 'keras_tensor_1270']. Received: the structure of inputs=('*', '*', '*', '*', '*', '*')
  warnings.warn(
[I 2024-11-12 09:02:11,043] Trial 31 finished with value: 0.9628252983093262 and parameters: {'num_filters1': 64, 'num_filters2': 32, 'dense_units1': 64, 'dense_units2': 96, 'learning_rate': 0.00024232391426375042, 'batch_size': 64}. Best is trial 14 with value: 0.9739776849746704.
/home/CIN/mpps/paulaperazzo/ExAI-project/src/optimization.py:33: FutureWarning: suggest_loguniform has been deprecated in v3.0.0. This feature will be removed in v6.0.0. See https://github.com/optuna/optuna/releases/tag/v3.0.0. Use suggest_float(..., log=True) instead.
  learning_rate = trial.suggest_loguniform("learning_rate", 1e-4, 1e-2)
/home/CIN/mpps/paulaperazzo/ExAI-project/env/lib/python3.10/site-packages/keras/src/models/functional.py:225: UserWarning: The structure of `inputs` doesn't match the expected structure: ['keras_tensor_1280', 'keras_tensor_1286', 'keras_tensor_1292', 'keras_tensor_1298', 'keras_tensor_1304', 'keras_tensor_1310']. Received: the structure of inputs=('*', '*', '*', '*', '*', '*')
  warnings.warn(
[I 2024-11-12 09:02:34,415] Trial 32 finished with value: 0.9609665274620056 and parameters: {'num_filters1': 48, 'num_filters2': 32, 'dense_units1': 64, 'dense_units2': 96, 'learning_rate': 0.001186072819970322, 'batch_size': 64}. Best is trial 14 with value: 0.9739776849746704.
/home/CIN/mpps/paulaperazzo/ExAI-project/src/optimization.py:33: FutureWarning: suggest_loguniform has been deprecated in v3.0.0. This feature will be removed in v6.0.0. See https://github.com/optuna/optuna/releases/tag/v3.0.0. Use suggest_float(..., log=True) instead.
  learning_rate = trial.suggest_loguniform("learning_rate", 1e-4, 1e-2)
/home/CIN/mpps/paulaperazzo/ExAI-project/env/lib/python3.10/site-packages/keras/src/models/functional.py:225: UserWarning: The structure of `inputs` doesn't match the expected structure: ['keras_tensor_1320', 'keras_tensor_1326', 'keras_tensor_1332', 'keras_tensor_1338', 'keras_tensor_1344', 'keras_tensor_1350']. Received: the structure of inputs=('*', '*', '*', '*', '*', '*')
  warnings.warn(
[I 2024-11-12 09:03:28,298] Trial 33 finished with value: 0.9721189737319946 and parameters: {'num_filters1': 64, 'num_filters2': 64, 'dense_units1': 64, 'dense_units2': 128, 'learning_rate': 0.00016819120467317277, 'batch_size': 64}. Best is trial 14 with value: 0.9739776849746704.
/home/CIN/mpps/paulaperazzo/ExAI-project/src/optimization.py:33: FutureWarning: suggest_loguniform has been deprecated in v3.0.0. This feature will be removed in v6.0.0. See https://github.com/optuna/optuna/releases/tag/v3.0.0. Use suggest_float(..., log=True) instead.
  learning_rate = trial.suggest_loguniform("learning_rate", 1e-4, 1e-2)
/home/CIN/mpps/paulaperazzo/ExAI-project/env/lib/python3.10/site-packages/keras/src/models/functional.py:225: UserWarning: The structure of `inputs` doesn't match the expected structure: ['keras_tensor_1360', 'keras_tensor_1366', 'keras_tensor_1372', 'keras_tensor_1378', 'keras_tensor_1384', 'keras_tensor_1390']. Received: the structure of inputs=('*', '*', '*', '*', '*', '*')
  warnings.warn(
[I 2024-11-12 09:04:14,224] Trial 34 finished with value: 0.9637546539306641 and parameters: {'num_filters1': 64, 'num_filters2': 64, 'dense_units1': 128, 'dense_units2': 128, 'learning_rate': 0.00013401214133758254, 'batch_size': 64}. Best is trial 14 with value: 0.9739776849746704.
/home/CIN/mpps/paulaperazzo/ExAI-project/src/optimization.py:33: FutureWarning: suggest_loguniform has been deprecated in v3.0.0. This feature will be removed in v6.0.0. See https://github.com/optuna/optuna/releases/tag/v3.0.0. Use suggest_float(..., log=True) instead.
  learning_rate = trial.suggest_loguniform("learning_rate", 1e-4, 1e-2)
/home/CIN/mpps/paulaperazzo/ExAI-project/env/lib/python3.10/site-packages/keras/src/models/functional.py:225: UserWarning: The structure of `inputs` doesn't match the expected structure: ['keras_tensor_1400', 'keras_tensor_1406', 'keras_tensor_1412', 'keras_tensor_1418', 'keras_tensor_1424', 'keras_tensor_1430']. Received: the structure of inputs=('*', '*', '*', '*', '*', '*')
  warnings.warn(
[I 2024-11-12 09:04:53,407] Trial 35 finished with value: 0.9618958830833435 and parameters: {'num_filters1': 48, 'num_filters2': 64, 'dense_units1': 64, 'dense_units2': 128, 'learning_rate': 0.0001629290438351483, 'batch_size': 64}. Best is trial 14 with value: 0.9739776849746704.
/home/CIN/mpps/paulaperazzo/ExAI-project/src/optimization.py:33: FutureWarning: suggest_loguniform has been deprecated in v3.0.0. This feature will be removed in v6.0.0. See https://github.com/optuna/optuna/releases/tag/v3.0.0. Use suggest_float(..., log=True) instead.
  learning_rate = trial.suggest_loguniform("learning_rate", 1e-4, 1e-2)
/home/CIN/mpps/paulaperazzo/ExAI-project/env/lib/python3.10/site-packages/keras/src/models/functional.py:225: UserWarning: The structure of `inputs` doesn't match the expected structure: ['keras_tensor_1440', 'keras_tensor_1446', 'keras_tensor_1452', 'keras_tensor_1458', 'keras_tensor_1464', 'keras_tensor_1470']. Received: the structure of inputs=('*', '*', '*', '*', '*', '*')
  warnings.warn(
[I 2024-11-12 09:05:32,658] Trial 36 finished with value: 0.9600371718406677 and parameters: {'num_filters1': 64, 'num_filters2': 32, 'dense_units1': 128, 'dense_units2': 128, 'learning_rate': 0.0004153887564146553, 'batch_size': 64}. Best is trial 14 with value: 0.9739776849746704.
/home/CIN/mpps/paulaperazzo/ExAI-project/src/optimization.py:33: FutureWarning: suggest_loguniform has been deprecated in v3.0.0. This feature will be removed in v6.0.0. See https://github.com/optuna/optuna/releases/tag/v3.0.0. Use suggest_float(..., log=True) instead.
  learning_rate = trial.suggest_loguniform("learning_rate", 1e-4, 1e-2)
/home/CIN/mpps/paulaperazzo/ExAI-project/env/lib/python3.10/site-packages/keras/src/models/functional.py:225: UserWarning: The structure of `inputs` doesn't match the expected structure: ['keras_tensor_1480', 'keras_tensor_1486', 'keras_tensor_1492', 'keras_tensor_1498', 'keras_tensor_1504', 'keras_tensor_1510']. Received: the structure of inputs=('*', '*', '*', '*', '*', '*')
  warnings.warn(
[I 2024-11-12 09:06:06,465] Trial 37 finished with value: 0.9665427803993225 and parameters: {'num_filters1': 48, 'num_filters2': 64, 'dense_units1': 64, 'dense_units2': 128, 'learning_rate': 0.0023318205816285674, 'batch_size': 64}. Best is trial 14 with value: 0.9739776849746704.
/home/CIN/mpps/paulaperazzo/ExAI-project/src/optimization.py:33: FutureWarning: suggest_loguniform has been deprecated in v3.0.0. This feature will be removed in v6.0.0. See https://github.com/optuna/optuna/releases/tag/v3.0.0. Use suggest_float(..., log=True) instead.
  learning_rate = trial.suggest_loguniform("learning_rate", 1e-4, 1e-2)
/home/CIN/mpps/paulaperazzo/ExAI-project/env/lib/python3.10/site-packages/keras/src/models/functional.py:225: UserWarning: The structure of `inputs` doesn't match the expected structure: ['keras_tensor_1520', 'keras_tensor_1526', 'keras_tensor_1532', 'keras_tensor_1538', 'keras_tensor_1544', 'keras_tensor_1550']. Received: the structure of inputs=('*', '*', '*', '*', '*', '*')
  warnings.warn(
[I 2024-11-12 09:06:48,333] Trial 38 finished with value: 0.9628252983093262 and parameters: {'num_filters1': 48, 'num_filters2': 64, 'dense_units1': 128, 'dense_units2': 32, 'learning_rate': 0.0006665862559114444, 'batch_size': 64}. Best is trial 14 with value: 0.9739776849746704.
/home/CIN/mpps/paulaperazzo/ExAI-project/src/optimization.py:33: FutureWarning: suggest_loguniform has been deprecated in v3.0.0. This feature will be removed in v6.0.0. See https://github.com/optuna/optuna/releases/tag/v3.0.0. Use suggest_float(..., log=True) instead.
  learning_rate = trial.suggest_loguniform("learning_rate", 1e-4, 1e-2)
/home/CIN/mpps/paulaperazzo/ExAI-project/env/lib/python3.10/site-packages/keras/src/models/functional.py:225: UserWarning: The structure of `inputs` doesn't match the expected structure: ['keras_tensor_1560', 'keras_tensor_1566', 'keras_tensor_1572', 'keras_tensor_1578', 'keras_tensor_1584', 'keras_tensor_1590']. Received: the structure of inputs=('*', '*', '*', '*', '*', '*')
  warnings.warn(
