[I 2024-11-06 15:40:51,602] Trial 39 finished with value: 0.8875339031219482 and parameters: {'num_filters1': 16, 'num_filters2': 32, 'dense_units1': 256, 'dense_units2': 64, 'learning_rate': 0.00013419656536820172, 'batch_size': 64}. Best is trial 21 with value: 0.9281842708587646.
/home/CIN/mpps/paulaperazzo/ExAI-project/src/optimization.py:33: FutureWarning: suggest_loguniform has been deprecated in v3.0.0. This feature will be removed in v6.0.0. See https://github.com/optuna/optuna/releases/tag/v3.0.0. Use suggest_float(..., log=True) instead.
  learning_rate = trial.suggest_loguniform("learning_rate", 1e-4, 1e-2)
/home/CIN/mpps/paulaperazzo/ExAI-project/env/lib/python3.10/site-packages/keras/src/models/functional.py:225: UserWarning: The structure of `inputs` doesn't match the expected structure: ['keras_tensor_1600', 'keras_tensor_1606', 'keras_tensor_1612', 'keras_tensor_1618', 'keras_tensor_1624', 'keras_tensor_1630']. Received: the structure of inputs=('*', '*', '*', '*', '*', '*')
  warnings.warn(
[I 2024-11-06 15:41:35,290] Trial 40 finished with value: 0.8915989398956299 and parameters: {'num_filters1': 32, 'num_filters2': 128, 'dense_units1': 192, 'dense_units2': 96, 'learning_rate': 0.000211238543286477, 'batch_size': 64}. Best is trial 21 with value: 0.9281842708587646.
/home/CIN/mpps/paulaperazzo/ExAI-project/src/optimization.py:33: FutureWarning: suggest_loguniform has been deprecated in v3.0.0. This feature will be removed in v6.0.0. See https://github.com/optuna/optuna/releases/tag/v3.0.0. Use suggest_float(..., log=True) instead.
  learning_rate = trial.suggest_loguniform("learning_rate", 1e-4, 1e-2)
/home/CIN/mpps/paulaperazzo/ExAI-project/env/lib/python3.10/site-packages/keras/src/models/functional.py:225: UserWarning: The structure of `inputs` doesn't match the expected structure: ['keras_tensor_1640', 'keras_tensor_1646', 'keras_tensor_1652', 'keras_tensor_1658', 'keras_tensor_1664', 'keras_tensor_1670']. Received: the structure of inputs=('*', '*', '*', '*', '*', '*')
  warnings.warn(
[I 2024-11-06 15:42:02,780] Trial 41 finished with value: 0.9051490426063538 and parameters: {'num_filters1': 48, 'num_filters2': 32, 'dense_units1': 192, 'dense_units2': 64, 'learning_rate': 0.00010064559105042357, 'batch_size': 32}. Best is trial 21 with value: 0.9281842708587646.
/home/CIN/mpps/paulaperazzo/ExAI-project/src/optimization.py:33: FutureWarning: suggest_loguniform has been deprecated in v3.0.0. This feature will be removed in v6.0.0. See https://github.com/optuna/optuna/releases/tag/v3.0.0. Use suggest_float(..., log=True) instead.
  learning_rate = trial.suggest_loguniform("learning_rate", 1e-4, 1e-2)
/home/CIN/mpps/paulaperazzo/ExAI-project/env/lib/python3.10/site-packages/keras/src/models/functional.py:225: UserWarning: The structure of `inputs` doesn't match the expected structure: ['keras_tensor_1680', 'keras_tensor_1686', 'keras_tensor_1692', 'keras_tensor_1698', 'keras_tensor_1704', 'keras_tensor_1710']. Received: the structure of inputs=('*', '*', '*', '*', '*', '*')
  warnings.warn(
[I 2024-11-06 15:42:40,455] Trial 42 finished with value: 0.8807588219642639 and parameters: {'num_filters1': 32, 'num_filters2': 64, 'dense_units1': 128, 'dense_units2': 64, 'learning_rate': 0.00012757744070046557, 'batch_size': 128}. Best is trial 21 with value: 0.9281842708587646.
/home/CIN/mpps/paulaperazzo/ExAI-project/src/optimization.py:33: FutureWarning: suggest_loguniform has been deprecated in v3.0.0. This feature will be removed in v6.0.0. See https://github.com/optuna/optuna/releases/tag/v3.0.0. Use suggest_float(..., log=True) instead.
  learning_rate = trial.suggest_loguniform("learning_rate", 1e-4, 1e-2)
/home/CIN/mpps/paulaperazzo/ExAI-project/env/lib/python3.10/site-packages/keras/src/models/functional.py:225: UserWarning: The structure of `inputs` doesn't match the expected structure: ['keras_tensor_1720', 'keras_tensor_1726', 'keras_tensor_1732', 'keras_tensor_1738', 'keras_tensor_1744', 'keras_tensor_1750']. Received: the structure of inputs=('*', '*', '*', '*', '*', '*')
  warnings.warn(
[I 2024-11-06 15:43:21,549] Trial 43 finished with value: 0.8983739614486694 and parameters: {'num_filters1': 48, 'num_filters2': 32, 'dense_units1': 192, 'dense_units2': 32, 'learning_rate': 0.0001641339839646913, 'batch_size': 64}. Best is trial 21 with value: 0.9281842708587646.
/home/CIN/mpps/paulaperazzo/ExAI-project/src/optimization.py:33: FutureWarning: suggest_loguniform has been deprecated in v3.0.0. This feature will be removed in v6.0.0. See https://github.com/optuna/optuna/releases/tag/v3.0.0. Use suggest_float(..., log=True) instead.
  learning_rate = trial.suggest_loguniform("learning_rate", 1e-4, 1e-2)
/home/CIN/mpps/paulaperazzo/ExAI-project/env/lib/python3.10/site-packages/keras/src/models/functional.py:225: UserWarning: The structure of `inputs` doesn't match the expected structure: ['keras_tensor_1760', 'keras_tensor_1766', 'keras_tensor_1772', 'keras_tensor_1778', 'keras_tensor_1784', 'keras_tensor_1790']. Received: the structure of inputs=('*', '*', '*', '*', '*', '*')
  warnings.warn(
[I 2024-11-06 15:43:51,516] Trial 44 finished with value: 0.9010840058326721 and parameters: {'num_filters1': 64, 'num_filters2': 32, 'dense_units1': 128, 'dense_units2': 128, 'learning_rate': 0.00027107134187340205, 'batch_size': 16}. Best is trial 21 with value: 0.9281842708587646.
/home/CIN/mpps/paulaperazzo/ExAI-project/src/optimization.py:33: FutureWarning: suggest_loguniform has been deprecated in v3.0.0. This feature will be removed in v6.0.0. See https://github.com/optuna/optuna/releases/tag/v3.0.0. Use suggest_float(..., log=True) instead.
  learning_rate = trial.suggest_loguniform("learning_rate", 1e-4, 1e-2)
/home/CIN/mpps/paulaperazzo/ExAI-project/env/lib/python3.10/site-packages/keras/src/models/functional.py:225: UserWarning: The structure of `inputs` doesn't match the expected structure: ['keras_tensor_1800', 'keras_tensor_1806', 'keras_tensor_1812', 'keras_tensor_1818', 'keras_tensor_1824', 'keras_tensor_1830']. Received: the structure of inputs=('*', '*', '*', '*', '*', '*')
  warnings.warn(
[I 2024-11-06 15:44:22,991] Trial 45 finished with value: 0.9037940502166748 and parameters: {'num_filters1': 16, 'num_filters2': 64, 'dense_units1': 192, 'dense_units2': 96, 'learning_rate': 0.00012043157324744294, 'batch_size': 128}. Best is trial 21 with value: 0.9281842708587646.
/home/CIN/mpps/paulaperazzo/ExAI-project/src/optimization.py:33: FutureWarning: suggest_loguniform has been deprecated in v3.0.0. This feature will be removed in v6.0.0. See https://github.com/optuna/optuna/releases/tag/v3.0.0. Use suggest_float(..., log=True) instead.
  learning_rate = trial.suggest_loguniform("learning_rate", 1e-4, 1e-2)
/home/CIN/mpps/paulaperazzo/ExAI-project/env/lib/python3.10/site-packages/keras/src/models/functional.py:225: UserWarning: The structure of `inputs` doesn't match the expected structure: ['keras_tensor_1840', 'keras_tensor_1846', 'keras_tensor_1852', 'keras_tensor_1858', 'keras_tensor_1864', 'keras_tensor_1870']. Received: the structure of inputs=('*', '*', '*', '*', '*', '*')
  warnings.warn(
[I 2024-11-06 15:44:44,405] Trial 46 finished with value: 0.9065040946006775 and parameters: {'num_filters1': 32, 'num_filters2': 32, 'dense_units1': 64, 'dense_units2': 32, 'learning_rate': 0.00036304040472545564, 'batch_size': 32}. Best is trial 21 with value: 0.9281842708587646.
/home/CIN/mpps/paulaperazzo/ExAI-project/src/optimization.py:33: FutureWarning: suggest_loguniform has been deprecated in v3.0.0. This feature will be removed in v6.0.0. See https://github.com/optuna/optuna/releases/tag/v3.0.0. Use suggest_float(..., log=True) instead.
  learning_rate = trial.suggest_loguniform("learning_rate", 1e-4, 1e-2)
/home/CIN/mpps/paulaperazzo/ExAI-project/env/lib/python3.10/site-packages/keras/src/models/functional.py:225: UserWarning: The structure of `inputs` doesn't match the expected structure: ['keras_tensor_1880', 'keras_tensor_1886', 'keras_tensor_1892', 'keras_tensor_1898', 'keras_tensor_1904', 'keras_tensor_1910']. Received: the structure of inputs=('*', '*', '*', '*', '*', '*')
  warnings.warn(
[I 2024-11-06 15:45:56,297] Trial 47 finished with value: 0.9037940502166748 and parameters: {'num_filters1': 48, 'num_filters2': 96, 'dense_units1': 128, 'dense_units2': 64, 'learning_rate': 0.00010004749931692715, 'batch_size': 16}. Best is trial 21 with value: 0.9281842708587646.
/home/CIN/mpps/paulaperazzo/ExAI-project/src/optimization.py:33: FutureWarning: suggest_loguniform has been deprecated in v3.0.0. This feature will be removed in v6.0.0. See https://github.com/optuna/optuna/releases/tag/v3.0.0. Use suggest_float(..., log=True) instead.
  learning_rate = trial.suggest_loguniform("learning_rate", 1e-4, 1e-2)
/home/CIN/mpps/paulaperazzo/ExAI-project/env/lib/python3.10/site-packages/keras/src/models/functional.py:225: UserWarning: The structure of `inputs` doesn't match the expected structure: ['keras_tensor_1920', 'keras_tensor_1926', 'keras_tensor_1932', 'keras_tensor_1938', 'keras_tensor_1944', 'keras_tensor_1950']. Received: the structure of inputs=('*', '*', '*', '*', '*', '*')
  warnings.warn(
[I 2024-11-06 15:46:22,604] Trial 48 finished with value: 0.8848238587379456 and parameters: {'num_filters1': 48, 'num_filters2': 32, 'dense_units1': 192, 'dense_units2': 32, 'learning_rate': 0.00014916058468414928, 'batch_size': 64}. Best is trial 21 with value: 0.9281842708587646.
/home/CIN/mpps/paulaperazzo/ExAI-project/src/optimization.py:33: FutureWarning: suggest_loguniform has been deprecated in v3.0.0. This feature will be removed in v6.0.0. See https://github.com/optuna/optuna/releases/tag/v3.0.0. Use suggest_float(..., log=True) instead.
  learning_rate = trial.suggest_loguniform("learning_rate", 1e-4, 1e-2)
/home/CIN/mpps/paulaperazzo/ExAI-project/env/lib/python3.10/site-packages/keras/src/models/functional.py:225: UserWarning: The structure of `inputs` doesn't match the expected structure: ['keras_tensor_1960', 'keras_tensor_1966', 'keras_tensor_1972', 'keras_tensor_1978', 'keras_tensor_1984', 'keras_tensor_1990']. Received: the structure of inputs=('*', '*', '*', '*', '*', '*')
  warnings.warn(
[I 2024-11-06 15:47:04,666] Trial 49 finished with value: 0.8983739614486694 and parameters: {'num_filters1': 64, 'num_filters2': 64, 'dense_units1': 128, 'dense_units2': 96, 'learning_rate': 0.00019276130327410516, 'batch_size': 16}. Best is trial 21 with value: 0.9281842708587646.
