[I 2024-11-06 15:30:35,389] Trial 18 finished with value: 0.8726287484169006 and parameters: {'num_filters1': 48, 'num_filters2': 64, 'dense_units1': 128, 'dense_units2': 32, 'learning_rate': 0.00029684487644262864, 'batch_size': 128}. Best is trial 13 with value: 0.9200541973114014.
/home/CIN/mpps/paulaperazzo/ExAI-project/src/optimization.py:33: FutureWarning: suggest_loguniform has been deprecated in v3.0.0. This feature will be removed in v6.0.0. See https://github.com/optuna/optuna/releases/tag/v3.0.0. Use suggest_float(..., log=True) instead.
  learning_rate = trial.suggest_loguniform("learning_rate", 1e-4, 1e-2)
/home/CIN/mpps/paulaperazzo/ExAI-project/env/lib/python3.10/site-packages/keras/src/models/functional.py:225: UserWarning: The structure of `inputs` doesn't match the expected structure: ['keras_tensor_760', 'keras_tensor_766', 'keras_tensor_772', 'keras_tensor_778', 'keras_tensor_784', 'keras_tensor_790']. Received: the structure of inputs=('*', '*', '*', '*', '*', '*')
  warnings.warn(
[I 2024-11-06 15:31:06,139] Trial 19 finished with value: 0.8807588219642639 and parameters: {'num_filters1': 32, 'num_filters2': 96, 'dense_units1': 64, 'dense_units2': 64, 'learning_rate': 0.0010612490645347927, 'batch_size': 16}. Best is trial 13 with value: 0.9200541973114014.
/home/CIN/mpps/paulaperazzo/ExAI-project/src/optimization.py:33: FutureWarning: suggest_loguniform has been deprecated in v3.0.0. This feature will be removed in v6.0.0. See https://github.com/optuna/optuna/releases/tag/v3.0.0. Use suggest_float(..., log=True) instead.
  learning_rate = trial.suggest_loguniform("learning_rate", 1e-4, 1e-2)
/home/CIN/mpps/paulaperazzo/ExAI-project/env/lib/python3.10/site-packages/keras/src/models/functional.py:225: UserWarning: The structure of `inputs` doesn't match the expected structure: ['keras_tensor_800', 'keras_tensor_806', 'keras_tensor_812', 'keras_tensor_818', 'keras_tensor_824', 'keras_tensor_830']. Received: the structure of inputs=('*', '*', '*', '*', '*', '*')
  warnings.warn(
[I 2024-11-06 15:31:33,233] Trial 20 finished with value: 0.9024389982223511 and parameters: {'num_filters1': 64, 'num_filters2': 32, 'dense_units1': 128, 'dense_units2': 32, 'learning_rate': 0.0001581663237622069, 'batch_size': 128}. Best is trial 13 with value: 0.9200541973114014.
/home/CIN/mpps/paulaperazzo/ExAI-project/src/optimization.py:33: FutureWarning: suggest_loguniform has been deprecated in v3.0.0. This feature will be removed in v6.0.0. See https://github.com/optuna/optuna/releases/tag/v3.0.0. Use suggest_float(..., log=True) instead.
  learning_rate = trial.suggest_loguniform("learning_rate", 1e-4, 1e-2)
/home/CIN/mpps/paulaperazzo/ExAI-project/env/lib/python3.10/site-packages/keras/src/models/functional.py:225: UserWarning: The structure of `inputs` doesn't match the expected structure: ['keras_tensor_840', 'keras_tensor_846', 'keras_tensor_852', 'keras_tensor_858', 'keras_tensor_864', 'keras_tensor_870']. Received: the structure of inputs=('*', '*', '*', '*', '*', '*')
  warnings.warn(
[I 2024-11-06 15:32:10,139] Trial 21 finished with value: 0.9281842708587646 and parameters: {'num_filters1': 64, 'num_filters2': 32, 'dense_units1': 64, 'dense_units2': 128, 'learning_rate': 0.00010860028892904246, 'batch_size': 64}. Best is trial 21 with value: 0.9281842708587646.
/home/CIN/mpps/paulaperazzo/ExAI-project/src/optimization.py:33: FutureWarning: suggest_loguniform has been deprecated in v3.0.0. This feature will be removed in v6.0.0. See https://github.com/optuna/optuna/releases/tag/v3.0.0. Use suggest_float(..., log=True) instead.
  learning_rate = trial.suggest_loguniform("learning_rate", 1e-4, 1e-2)
/home/CIN/mpps/paulaperazzo/ExAI-project/env/lib/python3.10/site-packages/keras/src/models/functional.py:225: UserWarning: The structure of `inputs` doesn't match the expected structure: ['keras_tensor_880', 'keras_tensor_886', 'keras_tensor_892', 'keras_tensor_898', 'keras_tensor_904', 'keras_tensor_910']. Received: the structure of inputs=('*', '*', '*', '*', '*', '*')
  warnings.warn(
[I 2024-11-06 15:32:52,738] Trial 22 finished with value: 0.9281842708587646 and parameters: {'num_filters1': 64, 'num_filters2': 32, 'dense_units1': 64, 'dense_units2': 128, 'learning_rate': 0.00010284670592954447, 'batch_size': 64}. Best is trial 21 with value: 0.9281842708587646.
/home/CIN/mpps/paulaperazzo/ExAI-project/src/optimization.py:33: FutureWarning: suggest_loguniform has been deprecated in v3.0.0. This feature will be removed in v6.0.0. See https://github.com/optuna/optuna/releases/tag/v3.0.0. Use suggest_float(..., log=True) instead.
  learning_rate = trial.suggest_loguniform("learning_rate", 1e-4, 1e-2)
/home/CIN/mpps/paulaperazzo/ExAI-project/env/lib/python3.10/site-packages/keras/src/models/functional.py:225: UserWarning: The structure of `inputs` doesn't match the expected structure: ['keras_tensor_920', 'keras_tensor_926', 'keras_tensor_932', 'keras_tensor_938', 'keras_tensor_944', 'keras_tensor_950']. Received: the structure of inputs=('*', '*', '*', '*', '*', '*')
  warnings.warn(
[I 2024-11-06 15:33:32,676] Trial 23 finished with value: 0.8997290134429932 and parameters: {'num_filters1': 64, 'num_filters2': 64, 'dense_units1': 64, 'dense_units2': 128, 'learning_rate': 0.00010088594318321993, 'batch_size': 64}. Best is trial 21 with value: 0.9281842708587646.
/home/CIN/mpps/paulaperazzo/ExAI-project/src/optimization.py:33: FutureWarning: suggest_loguniform has been deprecated in v3.0.0. This feature will be removed in v6.0.0. See https://github.com/optuna/optuna/releases/tag/v3.0.0. Use suggest_float(..., log=True) instead.
  learning_rate = trial.suggest_loguniform("learning_rate", 1e-4, 1e-2)
/home/CIN/mpps/paulaperazzo/ExAI-project/env/lib/python3.10/site-packages/keras/src/models/functional.py:225: UserWarning: The structure of `inputs` doesn't match the expected structure: ['keras_tensor_960', 'keras_tensor_966', 'keras_tensor_972', 'keras_tensor_978', 'keras_tensor_984', 'keras_tensor_990']. Received: the structure of inputs=('*', '*', '*', '*', '*', '*')
  warnings.warn(
[I 2024-11-06 15:33:53,832] Trial 24 finished with value: 0.8929539322853088 and parameters: {'num_filters1': 64, 'num_filters2': 32, 'dense_units1': 64, 'dense_units2': 128, 'learning_rate': 0.00031058717807114266, 'batch_size': 64}. Best is trial 21 with value: 0.9281842708587646.
/home/CIN/mpps/paulaperazzo/ExAI-project/src/optimization.py:33: FutureWarning: suggest_loguniform has been deprecated in v3.0.0. This feature will be removed in v6.0.0. See https://github.com/optuna/optuna/releases/tag/v3.0.0. Use suggest_float(..., log=True) instead.
  learning_rate = trial.suggest_loguniform("learning_rate", 1e-4, 1e-2)
/home/CIN/mpps/paulaperazzo/ExAI-project/env/lib/python3.10/site-packages/keras/src/models/functional.py:225: UserWarning: The structure of `inputs` doesn't match the expected structure: ['keras_tensor_1000', 'keras_tensor_1006', 'keras_tensor_1012', 'keras_tensor_1018', 'keras_tensor_1024', 'keras_tensor_1030']. Received: the structure of inputs=('*', '*', '*', '*', '*', '*')
  warnings.warn(
[I 2024-11-06 15:34:25,041] Trial 25 finished with value: 0.8929539322853088 and parameters: {'num_filters1': 64, 'num_filters2': 64, 'dense_units1': 64, 'dense_units2': 128, 'learning_rate': 0.00022878791850261039, 'batch_size': 64}. Best is trial 21 with value: 0.9281842708587646.
/home/CIN/mpps/paulaperazzo/ExAI-project/src/optimization.py:33: FutureWarning: suggest_loguniform has been deprecated in v3.0.0. This feature will be removed in v6.0.0. See https://github.com/optuna/optuna/releases/tag/v3.0.0. Use suggest_float(..., log=True) instead.
  learning_rate = trial.suggest_loguniform("learning_rate", 1e-4, 1e-2)
/home/CIN/mpps/paulaperazzo/ExAI-project/env/lib/python3.10/site-packages/keras/src/models/functional.py:225: UserWarning: The structure of `inputs` doesn't match the expected structure: ['keras_tensor_1040', 'keras_tensor_1046', 'keras_tensor_1052', 'keras_tensor_1058', 'keras_tensor_1064', 'keras_tensor_1070']. Received: the structure of inputs=('*', '*', '*', '*', '*', '*')
  warnings.warn(
[I 2024-11-06 15:34:49,716] Trial 26 finished with value: 0.8983739614486694 and parameters: {'num_filters1': 64, 'num_filters2': 32, 'dense_units1': 64, 'dense_units2': 128, 'learning_rate': 0.000176606872389439, 'batch_size': 64}. Best is trial 21 with value: 0.9281842708587646.
/home/CIN/mpps/paulaperazzo/ExAI-project/src/optimization.py:33: FutureWarning: suggest_loguniform has been deprecated in v3.0.0. This feature will be removed in v6.0.0. See https://github.com/optuna/optuna/releases/tag/v3.0.0. Use suggest_float(..., log=True) instead.
  learning_rate = trial.suggest_loguniform("learning_rate", 1e-4, 1e-2)
/home/CIN/mpps/paulaperazzo/ExAI-project/env/lib/python3.10/site-packages/keras/src/models/functional.py:225: UserWarning: The structure of `inputs` doesn't match the expected structure: ['keras_tensor_1080', 'keras_tensor_1086', 'keras_tensor_1092', 'keras_tensor_1098', 'keras_tensor_1104', 'keras_tensor_1110']. Received: the structure of inputs=('*', '*', '*', '*', '*', '*')
  warnings.warn(
[I 2024-11-06 15:35:19,132] Trial 27 finished with value: 0.9159891605377197 and parameters: {'num_filters1': 48, 'num_filters2': 32, 'dense_units1': 64, 'dense_units2': 128, 'learning_rate': 0.0001286876226026205, 'batch_size': 64}. Best is trial 21 with value: 0.9281842708587646.
/home/CIN/mpps/paulaperazzo/ExAI-project/src/optimization.py:33: FutureWarning: suggest_loguniform has been deprecated in v3.0.0. This feature will be removed in v6.0.0. See https://github.com/optuna/optuna/releases/tag/v3.0.0. Use suggest_float(..., log=True) instead.
  learning_rate = trial.suggest_loguniform("learning_rate", 1e-4, 1e-2)
/home/CIN/mpps/paulaperazzo/ExAI-project/env/lib/python3.10/site-packages/keras/src/models/functional.py:225: UserWarning: The structure of `inputs` doesn't match the expected structure: ['keras_tensor_1120', 'keras_tensor_1126', 'keras_tensor_1132', 'keras_tensor_1138', 'keras_tensor_1144', 'keras_tensor_1150']. Received: the structure of inputs=('*', '*', '*', '*', '*', '*')
  warnings.warn(
[I 2024-11-06 15:35:50,639] Trial 28 finished with value: 0.8943089246749878 and parameters: {'num_filters1': 64, 'num_filters2': 64, 'dense_units1': 128, 'dense_units2': 96, 'learning_rate': 0.0007271068333826315, 'batch_size': 64}. Best is trial 21 with value: 0.9281842708587646.
/home/CIN/mpps/paulaperazzo/ExAI-project/src/optimization.py:33: FutureWarning: suggest_loguniform has been deprecated in v3.0.0. This feature will be removed in v6.0.0. See https://github.com/optuna/optuna/releases/tag/v3.0.0. Use suggest_float(..., log=True) instead.
  learning_rate = trial.suggest_loguniform("learning_rate", 1e-4, 1e-2)
/home/CIN/mpps/paulaperazzo/ExAI-project/env/lib/python3.10/site-packages/keras/src/models/functional.py:225: UserWarning: The structure of `inputs` doesn't match the expected structure: ['keras_tensor_1160', 'keras_tensor_1166', 'keras_tensor_1172', 'keras_tensor_1178', 'keras_tensor_1184', 'keras_tensor_1190']. Received: the structure of inputs=('*', '*', '*', '*', '*', '*')
  warnings.warn(
[I 2024-11-06 15:36:10,607] Trial 29 finished with value: 0.8929539322853088 and parameters: {'num_filters1': 64, 'num_filters2': 32, 'dense_units1': 64, 'dense_units2': 64, 'learning_rate': 0.0004246971758782691, 'batch_size': 64}. Best is trial 21 with value: 0.9281842708587646.
/home/CIN/mpps/paulaperazzo/ExAI-project/src/optimization.py:33: FutureWarning: suggest_loguniform has been deprecated in v3.0.0. This feature will be removed in v6.0.0. See https://github.com/optuna/optuna/releases/tag/v3.0.0. Use suggest_float(..., log=True) instead.
  learning_rate = trial.suggest_loguniform("learning_rate", 1e-4, 1e-2)
/home/CIN/mpps/paulaperazzo/ExAI-project/env/lib/python3.10/site-packages/keras/src/models/functional.py:225: UserWarning: The structure of `inputs` doesn't match the expected structure: ['keras_tensor_1200', 'keras_tensor_1206', 'keras_tensor_1212', 'keras_tensor_1218', 'keras_tensor_1224', 'keras_tensor_1230']. Received: the structure of inputs=('*', '*', '*', '*', '*', '*')
  warnings.warn(
[I 2024-11-06 15:36:42,040] Trial 30 finished with value: 0.848238468170166 and parameters: {'num_filters1': 48, 'num_filters2': 96, 'dense_units1': 64, 'dense_units2': 128, 'learning_rate': 0.008363103631558582, 'batch_size': 32}. Best is trial 21 with value: 0.9281842708587646.
/home/CIN/mpps/paulaperazzo/ExAI-project/src/optimization.py:33: FutureWarning: suggest_loguniform has been deprecated in v3.0.0. This feature will be removed in v6.0.0. See https://github.com/optuna/optuna/releases/tag/v3.0.0. Use suggest_float(..., log=True) instead.
  learning_rate = trial.suggest_loguniform("learning_rate", 1e-4, 1e-2)
/home/CIN/mpps/paulaperazzo/ExAI-project/env/lib/python3.10/site-packages/keras/src/models/functional.py:225: UserWarning: The structure of `inputs` doesn't match the expected structure: ['keras_tensor_1240', 'keras_tensor_1246', 'keras_tensor_1252', 'keras_tensor_1258', 'keras_tensor_1264', 'keras_tensor_1270']. Received: the structure of inputs=('*', '*', '*', '*', '*', '*')
  warnings.warn(
[I 2024-11-06 15:37:26,459] Trial 31 finished with value: 0.9214091897010803 and parameters: {'num_filters1': 48, 'num_filters2': 32, 'dense_units1': 128, 'dense_units2': 64, 'learning_rate': 0.00014756620295731243, 'batch_size': 16}. Best is trial 21 with value: 0.9281842708587646.
/home/CIN/mpps/paulaperazzo/ExAI-project/src/optimization.py:33: FutureWarning: suggest_loguniform has been deprecated in v3.0.0. This feature will be removed in v6.0.0. See https://github.com/optuna/optuna/releases/tag/v3.0.0. Use suggest_float(..., log=True) instead.
  learning_rate = trial.suggest_loguniform("learning_rate", 1e-4, 1e-2)
/home/CIN/mpps/paulaperazzo/ExAI-project/env/lib/python3.10/site-packages/keras/src/models/functional.py:225: UserWarning: The structure of `inputs` doesn't match the expected structure: ['keras_tensor_1280', 'keras_tensor_1286', 'keras_tensor_1292', 'keras_tensor_1298', 'keras_tensor_1304', 'keras_tensor_1310']. Received: the structure of inputs=('*', '*', '*', '*', '*', '*')
  warnings.warn(
[I 2024-11-06 15:37:59,425] Trial 32 finished with value: 0.9010840058326721 and parameters: {'num_filters1': 48, 'num_filters2': 32, 'dense_units1': 128, 'dense_units2': 64, 'learning_rate': 0.00019070067841933295, 'batch_size': 16}. Best is trial 21 with value: 0.9281842708587646.
/home/CIN/mpps/paulaperazzo/ExAI-project/src/optimization.py:33: FutureWarning: suggest_loguniform has been deprecated in v3.0.0. This feature will be removed in v6.0.0. See https://github.com/optuna/optuna/releases/tag/v3.0.0. Use suggest_float(..., log=True) instead.
  learning_rate = trial.suggest_loguniform("learning_rate", 1e-4, 1e-2)
/home/CIN/mpps/paulaperazzo/ExAI-project/env/lib/python3.10/site-packages/keras/src/models/functional.py:225: UserWarning: The structure of `inputs` doesn't match the expected structure: ['keras_tensor_1320', 'keras_tensor_1326', 'keras_tensor_1332', 'keras_tensor_1338', 'keras_tensor_1344', 'keras_tensor_1350']. Received: the structure of inputs=('*', '*', '*', '*', '*', '*')
  warnings.warn(
[I 2024-11-06 15:38:22,564] Trial 33 finished with value: 0.9119241237640381 and parameters: {'num_filters1': 16, 'num_filters2': 32, 'dense_units1': 192, 'dense_units2': 64, 'learning_rate': 0.00012548291760293694, 'batch_size': 64}. Best is trial 21 with value: 0.9281842708587646.
/home/CIN/mpps/paulaperazzo/ExAI-project/src/optimization.py:33: FutureWarning: suggest_loguniform has been deprecated in v3.0.0. This feature will be removed in v6.0.0. See https://github.com/optuna/optuna/releases/tag/v3.0.0. Use suggest_float(..., log=True) instead.
  learning_rate = trial.suggest_loguniform("learning_rate", 1e-4, 1e-2)
/home/CIN/mpps/paulaperazzo/ExAI-project/env/lib/python3.10/site-packages/keras/src/models/functional.py:225: UserWarning: The structure of `inputs` doesn't match the expected structure: ['keras_tensor_1360', 'keras_tensor_1366', 'keras_tensor_1372', 'keras_tensor_1378', 'keras_tensor_1384', 'keras_tensor_1390']. Received: the structure of inputs=('*', '*', '*', '*', '*', '*')
  warnings.warn(
[I 2024-11-06 15:38:49,957] Trial 34 finished with value: 0.8956639766693115 and parameters: {'num_filters1': 48, 'num_filters2': 32, 'dense_units1': 128, 'dense_units2': 96, 'learning_rate': 0.0003118227056351815, 'batch_size': 128}. Best is trial 21 with value: 0.9281842708587646.
/home/CIN/mpps/paulaperazzo/ExAI-project/src/optimization.py:33: FutureWarning: suggest_loguniform has been deprecated in v3.0.0. This feature will be removed in v6.0.0. See https://github.com/optuna/optuna/releases/tag/v3.0.0. Use suggest_float(..., log=True) instead.
  learning_rate = trial.suggest_loguniform("learning_rate", 1e-4, 1e-2)
/home/CIN/mpps/paulaperazzo/ExAI-project/env/lib/python3.10/site-packages/keras/src/models/functional.py:225: UserWarning: The structure of `inputs` doesn't match the expected structure: ['keras_tensor_1400', 'keras_tensor_1406', 'keras_tensor_1412', 'keras_tensor_1418', 'keras_tensor_1424', 'keras_tensor_1430']. Received: the structure of inputs=('*', '*', '*', '*', '*', '*')
  warnings.warn(
[I 2024-11-06 15:39:24,469] Trial 35 finished with value: 0.9024389982223511 and parameters: {'num_filters1': 64, 'num_filters2': 64, 'dense_units1': 64, 'dense_units2': 96, 'learning_rate': 0.00014804873535825746, 'batch_size': 128}. Best is trial 21 with value: 0.9281842708587646.
/home/CIN/mpps/paulaperazzo/ExAI-project/src/optimization.py:33: FutureWarning: suggest_loguniform has been deprecated in v3.0.0. This feature will be removed in v6.0.0. See https://github.com/optuna/optuna/releases/tag/v3.0.0. Use suggest_float(..., log=True) instead.
  learning_rate = trial.suggest_loguniform("learning_rate", 1e-4, 1e-2)
/home/CIN/mpps/paulaperazzo/ExAI-project/env/lib/python3.10/site-packages/keras/src/models/functional.py:225: UserWarning: The structure of `inputs` doesn't match the expected structure: ['keras_tensor_1440', 'keras_tensor_1446', 'keras_tensor_1452', 'keras_tensor_1458', 'keras_tensor_1464', 'keras_tensor_1470']. Received: the structure of inputs=('*', '*', '*', '*', '*', '*')
  warnings.warn(
[I 2024-11-06 15:39:50,390] Trial 36 finished with value: 0.9214091897010803 and parameters: {'num_filters1': 32, 'num_filters2': 32, 'dense_units1': 192, 'dense_units2': 64, 'learning_rate': 0.00010186334823452922, 'batch_size': 64}. Best is trial 21 with value: 0.9281842708587646.
/home/CIN/mpps/paulaperazzo/ExAI-project/src/optimization.py:33: FutureWarning: suggest_loguniform has been deprecated in v3.0.0. This feature will be removed in v6.0.0. See https://github.com/optuna/optuna/releases/tag/v3.0.0. Use suggest_float(..., log=True) instead.
  learning_rate = trial.suggest_loguniform("learning_rate", 1e-4, 1e-2)
/home/CIN/mpps/paulaperazzo/ExAI-project/env/lib/python3.10/site-packages/keras/src/models/functional.py:225: UserWarning: The structure of `inputs` doesn't match the expected structure: ['keras_tensor_1480', 'keras_tensor_1486', 'keras_tensor_1492', 'keras_tensor_1498', 'keras_tensor_1504', 'keras_tensor_1510']. Received: the structure of inputs=('*', '*', '*', '*', '*', '*')
  warnings.warn(
[I 2024-11-06 15:40:07,634] Trial 37 finished with value: 0.8739837408065796 and parameters: {'num_filters1': 32, 'num_filters2': 32, 'dense_units1': 192, 'dense_units2': 64, 'learning_rate': 0.0014079054332076365, 'batch_size': 64}. Best is trial 21 with value: 0.9281842708587646.
/home/CIN/mpps/paulaperazzo/ExAI-project/src/optimization.py:33: FutureWarning: suggest_loguniform has been deprecated in v3.0.0. This feature will be removed in v6.0.0. See https://github.com/optuna/optuna/releases/tag/v3.0.0. Use suggest_float(..., log=True) instead.
  learning_rate = trial.suggest_loguniform("learning_rate", 1e-4, 1e-2)
/home/CIN/mpps/paulaperazzo/ExAI-project/env/lib/python3.10/site-packages/keras/src/models/functional.py:225: UserWarning: The structure of `inputs` doesn't match the expected structure: ['keras_tensor_1520', 'keras_tensor_1526', 'keras_tensor_1532', 'keras_tensor_1538', 'keras_tensor_1544', 'keras_tensor_1550']. Received: the structure of inputs=('*', '*', '*', '*', '*', '*')
  warnings.warn(
[I 2024-11-06 15:40:27,160] Trial 38 finished with value: 0.8346883654594421 and parameters: {'num_filters1': 32, 'num_filters2': 32, 'dense_units1': 192, 'dense_units2': 96, 'learning_rate': 0.003959676900119248, 'batch_size': 64}. Best is trial 21 with value: 0.9281842708587646.
/home/CIN/mpps/paulaperazzo/ExAI-project/src/optimization.py:33: FutureWarning: suggest_loguniform has been deprecated in v3.0.0. This feature will be removed in v6.0.0. See https://github.com/optuna/optuna/releases/tag/v3.0.0. Use suggest_float(..., log=True) instead.
  learning_rate = trial.suggest_loguniform("learning_rate", 1e-4, 1e-2)
/home/CIN/mpps/paulaperazzo/ExAI-project/env/lib/python3.10/site-packages/keras/src/models/functional.py:225: UserWarning: The structure of `inputs` doesn't match the expected structure: ['keras_tensor_1560', 'keras_tensor_1566', 'keras_tensor_1572', 'keras_tensor_1578', 'keras_tensor_1584', 'keras_tensor_1590']. Received: the structure of inputs=('*', '*', '*', '*', '*', '*')
  warnings.warn(
