2024-11-11 15:44:37.816648: I tensorflow/core/util/port.cc:153] oneDNN custom operations are on. You may see slightly different numerical results due to floating-point round-off errors from different computation orders. To turn them off, set the environment variable `TF_ENABLE_ONEDNN_OPTS=0`.
2024-11-11 15:44:37.875244: I external/local_xla/xla/tsl/cuda/cudart_stub.cc:32] Could not find cuda drivers on your machine, GPU will not be used.
2024-11-11 15:44:38.873274: I external/local_xla/xla/tsl/cuda/cudart_stub.cc:32] Could not find cuda drivers on your machine, GPU will not be used.
2024-11-11 15:44:39.543658: E external/local_xla/xla/stream_executor/cuda/cuda_fft.cc:477] Unable to register cuFFT factory: Attempting to register factory for plugin cuFFT when one has already been registered
WARNING: All log messages before absl::InitializeLog() is called are written to STDERR
E0000 00:00:1731350680.005726  561719 cuda_dnn.cc:8310] Unable to register cuDNN factory: Attempting to register factory for plugin cuDNN when one has already been registered
E0000 00:00:1731350680.184165  561719 cuda_blas.cc:1418] Unable to register cuBLAS factory: Attempting to register factory for plugin cuBLAS when one has already been registered
2024-11-11 15:44:43.241443: I tensorflow/core/platform/cpu_feature_guard.cc:210] This TensorFlow binary is optimized to use available CPU instructions in performance-critical operations.
To enable the following instructions: AVX2 AVX512F AVX512_VNNI FMA, in other operations, rebuild TensorFlow with the appropriate compiler flags.
[I 2024-11-11 15:45:19,094] A new study created in memory with name: no-name-d4dac51d-6858-42b2-bf01-19a775d69c58
/home/CIN/mpps/paulaperazzo/ExAI-project/src/optimization.py:33: FutureWarning: suggest_loguniform has been deprecated in v3.0.0. This feature will be removed in v6.0.0. See https://github.com/optuna/optuna/releases/tag/v3.0.0. Use suggest_float(..., log=True) instead.
  learning_rate = trial.suggest_loguniform("learning_rate", 1e-4, 1e-2)
W0000 00:00:1731350724.122956  561719 gpu_device.cc:2344] Cannot dlopen some GPU libraries. Please make sure the missing libraries mentioned above are installed properly if you would like to use GPU. Follow the guide at https://www.tensorflow.org/install/gpu for how to download and setup the required libraries for your platform.
Skipping registering GPU devices...
/home/CIN/mpps/paulaperazzo/ExAI-project/env/lib/python3.10/site-packages/keras/src/models/functional.py:225: UserWarning: The structure of `inputs` doesn't match the expected structure: ['keras_tensor', 'keras_tensor_6', 'keras_tensor_12', 'keras_tensor_18', 'keras_tensor_24', 'keras_tensor_30']. Received: the structure of inputs=('*', '*', '*', '*', '*', '*')
  warnings.warn(
[I 2024-11-11 15:46:06,817] Trial 0 finished with value: 0.964684009552002 and parameters: {'num_filters1': 64, 'num_filters2': 32, 'dense_units1': 128, 'dense_units2': 32, 'learning_rate': 0.0001156081617577541, 'batch_size': 64}. Best is trial 0 with value: 0.964684009552002.
/home/CIN/mpps/paulaperazzo/ExAI-project/src/optimization.py:33: FutureWarning: suggest_loguniform has been deprecated in v3.0.0. This feature will be removed in v6.0.0. See https://github.com/optuna/optuna/releases/tag/v3.0.0. Use suggest_float(..., log=True) instead.
  learning_rate = trial.suggest_loguniform("learning_rate", 1e-4, 1e-2)
/home/CIN/mpps/paulaperazzo/ExAI-project/env/lib/python3.10/site-packages/keras/src/models/functional.py:225: UserWarning: The structure of `inputs` doesn't match the expected structure: ['keras_tensor_40', 'keras_tensor_46', 'keras_tensor_52', 'keras_tensor_58', 'keras_tensor_64', 'keras_tensor_70']. Received: the structure of inputs=('*', '*', '*', '*', '*', '*')
  warnings.warn(
[I 2024-11-11 15:46:54,622] Trial 1 finished with value: 0.9674721360206604 and parameters: {'num_filters1': 32, 'num_filters2': 32, 'dense_units1': 192, 'dense_units2': 128, 'learning_rate': 0.00016989572439353082, 'batch_size': 32}. Best is trial 1 with value: 0.9674721360206604.
/home/CIN/mpps/paulaperazzo/ExAI-project/src/optimization.py:33: FutureWarning: suggest_loguniform has been deprecated in v3.0.0. This feature will be removed in v6.0.0. See https://github.com/optuna/optuna/releases/tag/v3.0.0. Use suggest_float(..., log=True) instead.
  learning_rate = trial.suggest_loguniform("learning_rate", 1e-4, 1e-2)
/home/CIN/mpps/paulaperazzo/ExAI-project/env/lib/python3.10/site-packages/keras/src/models/functional.py:225: UserWarning: The structure of `inputs` doesn't match the expected structure: ['keras_tensor_80', 'keras_tensor_86', 'keras_tensor_92', 'keras_tensor_98', 'keras_tensor_104', 'keras_tensor_110']. Received: the structure of inputs=('*', '*', '*', '*', '*', '*')
  warnings.warn(
[I 2024-11-11 15:47:58,096] Trial 2 finished with value: 0.9749070405960083 and parameters: {'num_filters1': 64, 'num_filters2': 128, 'dense_units1': 64, 'dense_units2': 96, 'learning_rate': 0.00596650099617418, 'batch_size': 64}. Best is trial 2 with value: 0.9749070405960083.
/home/CIN/mpps/paulaperazzo/ExAI-project/src/optimization.py:33: FutureWarning: suggest_loguniform has been deprecated in v3.0.0. This feature will be removed in v6.0.0. See https://github.com/optuna/optuna/releases/tag/v3.0.0. Use suggest_float(..., log=True) instead.
  learning_rate = trial.suggest_loguniform("learning_rate", 1e-4, 1e-2)
/home/CIN/mpps/paulaperazzo/ExAI-project/env/lib/python3.10/site-packages/keras/src/models/functional.py:225: UserWarning: The structure of `inputs` doesn't match the expected structure: ['keras_tensor_120', 'keras_tensor_126', 'keras_tensor_132', 'keras_tensor_138', 'keras_tensor_144', 'keras_tensor_150']. Received: the structure of inputs=('*', '*', '*', '*', '*', '*')
  warnings.warn(
[I 2024-11-11 15:48:40,946] Trial 3 finished with value: 0.9544609785079956 and parameters: {'num_filters1': 64, 'num_filters2': 64, 'dense_units1': 64, 'dense_units2': 96, 'learning_rate': 0.00263208623738047, 'batch_size': 32}. Best is trial 2 with value: 0.9749070405960083.
/home/CIN/mpps/paulaperazzo/ExAI-project/src/optimization.py:33: FutureWarning: suggest_loguniform has been deprecated in v3.0.0. This feature will be removed in v6.0.0. See https://github.com/optuna/optuna/releases/tag/v3.0.0. Use suggest_float(..., log=True) instead.
  learning_rate = trial.suggest_loguniform("learning_rate", 1e-4, 1e-2)
/home/CIN/mpps/paulaperazzo/ExAI-project/env/lib/python3.10/site-packages/keras/src/models/functional.py:225: UserWarning: The structure of `inputs` doesn't match the expected structure: ['keras_tensor_160', 'keras_tensor_166', 'keras_tensor_172', 'keras_tensor_178', 'keras_tensor_184', 'keras_tensor_190']. Received: the structure of inputs=('*', '*', '*', '*', '*', '*')
  warnings.warn(
[I 2024-11-11 15:50:22,267] Trial 4 finished with value: 0.9600371718406677 and parameters: {'num_filters1': 64, 'num_filters2': 64, 'dense_units1': 256, 'dense_units2': 32, 'learning_rate': 0.0001076064034131441, 'batch_size': 16}. Best is trial 2 with value: 0.9749070405960083.
/home/CIN/mpps/paulaperazzo/ExAI-project/src/optimization.py:33: FutureWarning: suggest_loguniform has been deprecated in v3.0.0. This feature will be removed in v6.0.0. See https://github.com/optuna/optuna/releases/tag/v3.0.0. Use suggest_float(..., log=True) instead.
  learning_rate = trial.suggest_loguniform("learning_rate", 1e-4, 1e-2)
/home/CIN/mpps/paulaperazzo/ExAI-project/env/lib/python3.10/site-packages/keras/src/models/functional.py:225: UserWarning: The structure of `inputs` doesn't match the expected structure: ['keras_tensor_200', 'keras_tensor_206', 'keras_tensor_212', 'keras_tensor_218', 'keras_tensor_224', 'keras_tensor_230']. Received: the structure of inputs=('*', '*', '*', '*', '*', '*')
  warnings.warn(
[I 2024-11-11 15:51:09,507] Trial 5 finished with value: 0.964684009552002 and parameters: {'num_filters1': 32, 'num_filters2': 96, 'dense_units1': 256, 'dense_units2': 32, 'learning_rate': 0.0004985372056507684, 'batch_size': 64}. Best is trial 2 with value: 0.9749070405960083.
/home/CIN/mpps/paulaperazzo/ExAI-project/src/optimization.py:33: FutureWarning: suggest_loguniform has been deprecated in v3.0.0. This feature will be removed in v6.0.0. See https://github.com/optuna/optuna/releases/tag/v3.0.0. Use suggest_float(..., log=True) instead.
  learning_rate = trial.suggest_loguniform("learning_rate", 1e-4, 1e-2)
/home/CIN/mpps/paulaperazzo/ExAI-project/env/lib/python3.10/site-packages/keras/src/models/functional.py:225: UserWarning: The structure of `inputs` doesn't match the expected structure: ['keras_tensor_240', 'keras_tensor_246', 'keras_tensor_252', 'keras_tensor_258', 'keras_tensor_264', 'keras_tensor_270']. Received: the structure of inputs=('*', '*', '*', '*', '*', '*')
  warnings.warn(
[I 2024-11-11 15:52:03,699] Trial 6 finished with value: 0.9684014916419983 and parameters: {'num_filters1': 48, 'num_filters2': 32, 'dense_units1': 128, 'dense_units2': 128, 'learning_rate': 0.00028984633943304305, 'batch_size': 16}. Best is trial 2 with value: 0.9749070405960083.
/home/CIN/mpps/paulaperazzo/ExAI-project/src/optimization.py:33: FutureWarning: suggest_loguniform has been deprecated in v3.0.0. This feature will be removed in v6.0.0. See https://github.com/optuna/optuna/releases/tag/v3.0.0. Use suggest_float(..., log=True) instead.
  learning_rate = trial.suggest_loguniform("learning_rate", 1e-4, 1e-2)
/home/CIN/mpps/paulaperazzo/ExAI-project/env/lib/python3.10/site-packages/keras/src/models/functional.py:225: UserWarning: The structure of `inputs` doesn't match the expected structure: ['keras_tensor_280', 'keras_tensor_286', 'keras_tensor_292', 'keras_tensor_298', 'keras_tensor_304', 'keras_tensor_310']. Received: the structure of inputs=('*', '*', '*', '*', '*', '*')
  warnings.warn(
[I 2024-11-11 15:53:11,733] Trial 7 finished with value: 0.9637546539306641 and parameters: {'num_filters1': 64, 'num_filters2': 128, 'dense_units1': 64, 'dense_units2': 32, 'learning_rate': 0.0006956871861989609, 'batch_size': 32}. Best is trial 2 with value: 0.9749070405960083.
/home/CIN/mpps/paulaperazzo/ExAI-project/src/optimization.py:33: FutureWarning: suggest_loguniform has been deprecated in v3.0.0. This feature will be removed in v6.0.0. See https://github.com/optuna/optuna/releases/tag/v3.0.0. Use suggest_float(..., log=True) instead.
  learning_rate = trial.suggest_loguniform("learning_rate", 1e-4, 1e-2)
/home/CIN/mpps/paulaperazzo/ExAI-project/env/lib/python3.10/site-packages/keras/src/models/functional.py:225: UserWarning: The structure of `inputs` doesn't match the expected structure: ['keras_tensor_320', 'keras_tensor_326', 'keras_tensor_332', 'keras_tensor_338', 'keras_tensor_344', 'keras_tensor_350']. Received: the structure of inputs=('*', '*', '*', '*', '*', '*')
  warnings.warn(
[I 2024-11-11 15:53:52,817] Trial 8 finished with value: 0.9498141407966614 and parameters: {'num_filters1': 32, 'num_filters2': 64, 'dense_units1': 192, 'dense_units2': 128, 'learning_rate': 0.0002585916156450885, 'batch_size': 128}. Best is trial 2 with value: 0.9749070405960083.
/home/CIN/mpps/paulaperazzo/ExAI-project/src/optimization.py:33: FutureWarning: suggest_loguniform has been deprecated in v3.0.0. This feature will be removed in v6.0.0. See https://github.com/optuna/optuna/releases/tag/v3.0.0. Use suggest_float(..., log=True) instead.
  learning_rate = trial.suggest_loguniform("learning_rate", 1e-4, 1e-2)
/home/CIN/mpps/paulaperazzo/ExAI-project/env/lib/python3.10/site-packages/keras/src/models/functional.py:225: UserWarning: The structure of `inputs` doesn't match the expected structure: ['keras_tensor_360', 'keras_tensor_366', 'keras_tensor_372', 'keras_tensor_378', 'keras_tensor_384', 'keras_tensor_390']. Received: the structure of inputs=('*', '*', '*', '*', '*', '*')
  warnings.warn(
[I 2024-11-11 15:54:47,972] Trial 9 finished with value: 0.9656133651733398 and parameters: {'num_filters1': 48, 'num_filters2': 64, 'dense_units1': 256, 'dense_units2': 64, 'learning_rate': 0.00041208064014776596, 'batch_size': 32}. Best is trial 2 with value: 0.9749070405960083.
/home/CIN/mpps/paulaperazzo/ExAI-project/src/optimization.py:33: FutureWarning: suggest_loguniform has been deprecated in v3.0.0. This feature will be removed in v6.0.0. See https://github.com/optuna/optuna/releases/tag/v3.0.0. Use suggest_float(..., log=True) instead.
  learning_rate = trial.suggest_loguniform("learning_rate", 1e-4, 1e-2)
/home/CIN/mpps/paulaperazzo/ExAI-project/env/lib/python3.10/site-packages/keras/src/models/functional.py:225: UserWarning: The structure of `inputs` doesn't match the expected structure: ['keras_tensor_400', 'keras_tensor_406', 'keras_tensor_412', 'keras_tensor_418', 'keras_tensor_424', 'keras_tensor_430']. Received: the structure of inputs=('*', '*', '*', '*', '*', '*')
  warnings.warn(
[I 2024-11-11 15:55:21,553] Trial 10 finished with value: 0.9637546539306641 and parameters: {'num_filters1': 16, 'num_filters2': 128, 'dense_units1': 64, 'dense_units2': 96, 'learning_rate': 0.00967635860407311, 'batch_size': 64}. Best is trial 2 with value: 0.9749070405960083.
/home/CIN/mpps/paulaperazzo/ExAI-project/src/optimization.py:33: FutureWarning: suggest_loguniform has been deprecated in v3.0.0. This feature will be removed in v6.0.0. See https://github.com/optuna/optuna/releases/tag/v3.0.0. Use suggest_float(..., log=True) instead.
  learning_rate = trial.suggest_loguniform("learning_rate", 1e-4, 1e-2)
/home/CIN/mpps/paulaperazzo/ExAI-project/env/lib/python3.10/site-packages/keras/src/models/functional.py:225: UserWarning: The structure of `inputs` doesn't match the expected structure: ['keras_tensor_440', 'keras_tensor_446', 'keras_tensor_452', 'keras_tensor_458', 'keras_tensor_464', 'keras_tensor_470']. Received: the structure of inputs=('*', '*', '*', '*', '*', '*')
  warnings.warn(
[I 2024-11-11 15:56:46,492] Trial 11 finished with value: 0.9711896181106567 and parameters: {'num_filters1': 48, 'num_filters2': 96, 'dense_units1': 128, 'dense_units2': 128, 'learning_rate': 0.0019924782087566285, 'batch_size': 16}. Best is trial 2 with value: 0.9749070405960083.
/home/CIN/mpps/paulaperazzo/ExAI-project/src/optimization.py:33: FutureWarning: suggest_loguniform has been deprecated in v3.0.0. This feature will be removed in v6.0.0. See https://github.com/optuna/optuna/releases/tag/v3.0.0. Use suggest_float(..., log=True) instead.
  learning_rate = trial.suggest_loguniform("learning_rate", 1e-4, 1e-2)
/home/CIN/mpps/paulaperazzo/ExAI-project/env/lib/python3.10/site-packages/keras/src/models/functional.py:225: UserWarning: The structure of `inputs` doesn't match the expected structure: ['keras_tensor_480', 'keras_tensor_486', 'keras_tensor_492', 'keras_tensor_498', 'keras_tensor_504', 'keras_tensor_510']. Received: the structure of inputs=('*', '*', '*', '*', '*', '*')
  warnings.warn(
[I 2024-11-11 15:58:44,659] Trial 12 finished with value: 0.9665427803993225 and parameters: {'num_filters1': 48, 'num_filters2': 96, 'dense_units1': 128, 'dense_units2': 96, 'learning_rate': 0.0022304041618092163, 'batch_size': 16}. Best is trial 2 with value: 0.9749070405960083.
/home/CIN/mpps/paulaperazzo/ExAI-project/src/optimization.py:33: FutureWarning: suggest_loguniform has been deprecated in v3.0.0. This feature will be removed in v6.0.0. See https://github.com/optuna/optuna/releases/tag/v3.0.0. Use suggest_float(..., log=True) instead.
  learning_rate = trial.suggest_loguniform("learning_rate", 1e-4, 1e-2)
/home/CIN/mpps/paulaperazzo/ExAI-project/env/lib/python3.10/site-packages/keras/src/models/functional.py:225: UserWarning: The structure of `inputs` doesn't match the expected structure: ['keras_tensor_520', 'keras_tensor_526', 'keras_tensor_532', 'keras_tensor_538', 'keras_tensor_544', 'keras_tensor_550']. Received: the structure of inputs=('*', '*', '*', '*', '*', '*')
  warnings.warn(
[I 2024-11-11 15:59:18,563] Trial 13 finished with value: 0.9182156324386597 and parameters: {'num_filters1': 48, 'num_filters2': 128, 'dense_units1': 64, 'dense_units2': 64, 'learning_rate': 0.00782202598171211, 'batch_size': 128}. Best is trial 2 with value: 0.9749070405960083.
/home/CIN/mpps/paulaperazzo/ExAI-project/src/optimization.py:33: FutureWarning: suggest_loguniform has been deprecated in v3.0.0. This feature will be removed in v6.0.0. See https://github.com/optuna/optuna/releases/tag/v3.0.0. Use suggest_float(..., log=True) instead.
  learning_rate = trial.suggest_loguniform("learning_rate", 1e-4, 1e-2)
/home/CIN/mpps/paulaperazzo/ExAI-project/env/lib/python3.10/site-packages/keras/src/models/functional.py:225: UserWarning: The structure of `inputs` doesn't match the expected structure: ['keras_tensor_560', 'keras_tensor_566', 'keras_tensor_572', 'keras_tensor_578', 'keras_tensor_584', 'keras_tensor_590']. Received: the structure of inputs=('*', '*', '*', '*', '*', '*')
  warnings.warn(
[I 2024-11-11 16:00:56,880] Trial 14 finished with value: 0.9656133651733398 and parameters: {'num_filters1': 64, 'num_filters2': 96, 'dense_units1': 128, 'dense_units2': 128, 'learning_rate': 0.00340408615886579, 'batch_size': 16}. Best is trial 2 with value: 0.9749070405960083.
/home/CIN/mpps/paulaperazzo/ExAI-project/src/optimization.py:33: FutureWarning: suggest_loguniform has been deprecated in v3.0.0. This feature will be removed in v6.0.0. See https://github.com/optuna/optuna/releases/tag/v3.0.0. Use suggest_float(..., log=True) instead.
  learning_rate = trial.suggest_loguniform("learning_rate", 1e-4, 1e-2)
/home/CIN/mpps/paulaperazzo/ExAI-project/env/lib/python3.10/site-packages/keras/src/models/functional.py:225: UserWarning: The structure of `inputs` doesn't match the expected structure: ['keras_tensor_600', 'keras_tensor_606', 'keras_tensor_612', 'keras_tensor_618', 'keras_tensor_624', 'keras_tensor_630']. Received: the structure of inputs=('*', '*', '*', '*', '*', '*')
  warnings.warn(
[I 2024-11-11 16:01:59,675] Trial 15 finished with value: 0.9795538783073425 and parameters: {'num_filters1': 48, 'num_filters2': 128, 'dense_units1': 192, 'dense_units2': 96, 'learning_rate': 0.0012880340083975179, 'batch_size': 64}. Best is trial 15 with value: 0.9795538783073425.
/home/CIN/mpps/paulaperazzo/ExAI-project/src/optimization.py:33: FutureWarning: suggest_loguniform has been deprecated in v3.0.0. This feature will be removed in v6.0.0. See https://github.com/optuna/optuna/releases/tag/v3.0.0. Use suggest_float(..., log=True) instead.
  learning_rate = trial.suggest_loguniform("learning_rate", 1e-4, 1e-2)
/home/CIN/mpps/paulaperazzo/ExAI-project/env/lib/python3.10/site-packages/keras/src/models/functional.py:225: UserWarning: The structure of `inputs` doesn't match the expected structure: ['keras_tensor_640', 'keras_tensor_646', 'keras_tensor_652', 'keras_tensor_658', 'keras_tensor_664', 'keras_tensor_670']. Received: the structure of inputs=('*', '*', '*', '*', '*', '*')
  warnings.warn(
[I 2024-11-11 16:02:45,570] Trial 16 finished with value: 0.9405204653739929 and parameters: {'num_filters1': 16, 'num_filters2': 128, 'dense_units1': 192, 'dense_units2': 64, 'learning_rate': 0.0011908481912063936, 'batch_size': 64}. Best is trial 15 with value: 0.9795538783073425.
/home/CIN/mpps/paulaperazzo/ExAI-project/src/optimization.py:33: FutureWarning: suggest_loguniform has been deprecated in v3.0.0. This feature will be removed in v6.0.0. See https://github.com/optuna/optuna/releases/tag/v3.0.0. Use suggest_float(..., log=True) instead.
  learning_rate = trial.suggest_loguniform("learning_rate", 1e-4, 1e-2)
/home/CIN/mpps/paulaperazzo/ExAI-project/env/lib/python3.10/site-packages/keras/src/models/functional.py:225: UserWarning: The structure of `inputs` doesn't match the expected structure: ['keras_tensor_680', 'keras_tensor_686', 'keras_tensor_692', 'keras_tensor_698', 'keras_tensor_704', 'keras_tensor_710']. Received: the structure of inputs=('*', '*', '*', '*', '*', '*')
  warnings.warn(
[I 2024-11-11 16:03:46,501] Trial 17 finished with value: 0.9618958830833435 and parameters: {'num_filters1': 64, 'num_filters2': 128, 'dense_units1': 192, 'dense_units2': 96, 'learning_rate': 0.005446492764561273, 'batch_size': 64}. Best is trial 15 with value: 0.9795538783073425.
/home/CIN/mpps/paulaperazzo/ExAI-project/src/optimization.py:33: FutureWarning: suggest_loguniform has been deprecated in v3.0.0. This feature will be removed in v6.0.0. See https://github.com/optuna/optuna/releases/tag/v3.0.0. Use suggest_float(..., log=True) instead.
  learning_rate = trial.suggest_loguniform("learning_rate", 1e-4, 1e-2)
/home/CIN/mpps/paulaperazzo/ExAI-project/env/lib/python3.10/site-packages/keras/src/models/functional.py:225: UserWarning: The structure of `inputs` doesn't match the expected structure: ['keras_tensor_720', 'keras_tensor_726', 'keras_tensor_732', 'keras_tensor_738', 'keras_tensor_744', 'keras_tensor_750']. Received: the structure of inputs=('*', '*', '*', '*', '*', '*')
  warnings.warn(
