[I 2024-11-11 16:04:39,950] Trial 18 finished with value: 0.9488847851753235 and parameters: {'num_filters1': 48, 'num_filters2': 128, 'dense_units1': 192, 'dense_units2': 96, 'learning_rate': 0.0013404598269883092, 'batch_size': 64}. Best is trial 15 with value: 0.9795538783073425.
/home/CIN/mpps/paulaperazzo/ExAI-project/src/optimization.py:33: FutureWarning: suggest_loguniform has been deprecated in v3.0.0. This feature will be removed in v6.0.0. See https://github.com/optuna/optuna/releases/tag/v3.0.0. Use suggest_float(..., log=True) instead.
  learning_rate = trial.suggest_loguniform("learning_rate", 1e-4, 1e-2)
/home/CIN/mpps/paulaperazzo/ExAI-project/env/lib/python3.10/site-packages/keras/src/models/functional.py:225: UserWarning: The structure of `inputs` doesn't match the expected structure: ['keras_tensor_760', 'keras_tensor_766', 'keras_tensor_772', 'keras_tensor_778', 'keras_tensor_784', 'keras_tensor_790']. Received: the structure of inputs=('*', '*', '*', '*', '*', '*')
  warnings.warn(
[I 2024-11-11 16:05:54,071] Trial 19 finished with value: 0.9637546539306641 and parameters: {'num_filters1': 32, 'num_filters2': 96, 'dense_units1': 256, 'dense_units2': 64, 'learning_rate': 0.004249253246889454, 'batch_size': 64}. Best is trial 15 with value: 0.9795538783073425.
/home/CIN/mpps/paulaperazzo/ExAI-project/src/optimization.py:33: FutureWarning: suggest_loguniform has been deprecated in v3.0.0. This feature will be removed in v6.0.0. See https://github.com/optuna/optuna/releases/tag/v3.0.0. Use suggest_float(..., log=True) instead.
  learning_rate = trial.suggest_loguniform("learning_rate", 1e-4, 1e-2)
/home/CIN/mpps/paulaperazzo/ExAI-project/env/lib/python3.10/site-packages/keras/src/models/functional.py:225: UserWarning: The structure of `inputs` doesn't match the expected structure: ['keras_tensor_800', 'keras_tensor_806', 'keras_tensor_812', 'keras_tensor_818', 'keras_tensor_824', 'keras_tensor_830']. Received: the structure of inputs=('*', '*', '*', '*', '*', '*')
  warnings.warn(
[I 2024-11-11 16:06:41,076] Trial 20 finished with value: 0.9581784605979919 and parameters: {'num_filters1': 64, 'num_filters2': 128, 'dense_units1': 64, 'dense_units2': 96, 'learning_rate': 0.005660272917598042, 'batch_size': 64}. Best is trial 15 with value: 0.9795538783073425.
/home/CIN/mpps/paulaperazzo/ExAI-project/src/optimization.py:33: FutureWarning: suggest_loguniform has been deprecated in v3.0.0. This feature will be removed in v6.0.0. See https://github.com/optuna/optuna/releases/tag/v3.0.0. Use suggest_float(..., log=True) instead.
  learning_rate = trial.suggest_loguniform("learning_rate", 1e-4, 1e-2)
/home/CIN/mpps/paulaperazzo/ExAI-project/env/lib/python3.10/site-packages/keras/src/models/functional.py:225: UserWarning: The structure of `inputs` doesn't match the expected structure: ['keras_tensor_840', 'keras_tensor_846', 'keras_tensor_852', 'keras_tensor_858', 'keras_tensor_864', 'keras_tensor_870']. Received: the structure of inputs=('*', '*', '*', '*', '*', '*')
  warnings.warn(
[I 2024-11-11 16:08:13,542] Trial 21 finished with value: 0.9767658114433289 and parameters: {'num_filters1': 48, 'num_filters2': 96, 'dense_units1': 128, 'dense_units2': 128, 'learning_rate': 0.001706413711867962, 'batch_size': 16}. Best is trial 15 with value: 0.9795538783073425.
/home/CIN/mpps/paulaperazzo/ExAI-project/src/optimization.py:33: FutureWarning: suggest_loguniform has been deprecated in v3.0.0. This feature will be removed in v6.0.0. See https://github.com/optuna/optuna/releases/tag/v3.0.0. Use suggest_float(..., log=True) instead.
  learning_rate = trial.suggest_loguniform("learning_rate", 1e-4, 1e-2)
/home/CIN/mpps/paulaperazzo/ExAI-project/env/lib/python3.10/site-packages/keras/src/models/functional.py:225: UserWarning: The structure of `inputs` doesn't match the expected structure: ['keras_tensor_880', 'keras_tensor_886', 'keras_tensor_892', 'keras_tensor_898', 'keras_tensor_904', 'keras_tensor_910']. Received: the structure of inputs=('*', '*', '*', '*', '*', '*')
  warnings.warn(
[I 2024-11-11 16:08:44,622] Trial 22 finished with value: 0.9498141407966614 and parameters: {'num_filters1': 48, 'num_filters2': 96, 'dense_units1': 128, 'dense_units2': 128, 'learning_rate': 0.000772460956883428, 'batch_size': 128}. Best is trial 15 with value: 0.9795538783073425.
/home/CIN/mpps/paulaperazzo/ExAI-project/src/optimization.py:33: FutureWarning: suggest_loguniform has been deprecated in v3.0.0. This feature will be removed in v6.0.0. See https://github.com/optuna/optuna/releases/tag/v3.0.0. Use suggest_float(..., log=True) instead.
  learning_rate = trial.suggest_loguniform("learning_rate", 1e-4, 1e-2)
/home/CIN/mpps/paulaperazzo/ExAI-project/env/lib/python3.10/site-packages/keras/src/models/functional.py:225: UserWarning: The structure of `inputs` doesn't match the expected structure: ['keras_tensor_920', 'keras_tensor_926', 'keras_tensor_932', 'keras_tensor_938', 'keras_tensor_944', 'keras_tensor_950']. Received: the structure of inputs=('*', '*', '*', '*', '*', '*')
  warnings.warn(
[I 2024-11-11 16:10:32,901] Trial 23 finished with value: 0.9674721360206604 and parameters: {'num_filters1': 48, 'num_filters2': 128, 'dense_units1': 192, 'dense_units2': 96, 'learning_rate': 0.0014986294755580689, 'batch_size': 16}. Best is trial 15 with value: 0.9795538783073425.
/home/CIN/mpps/paulaperazzo/ExAI-project/src/optimization.py:33: FutureWarning: suggest_loguniform has been deprecated in v3.0.0. This feature will be removed in v6.0.0. See https://github.com/optuna/optuna/releases/tag/v3.0.0. Use suggest_float(..., log=True) instead.
  learning_rate = trial.suggest_loguniform("learning_rate", 1e-4, 1e-2)
/home/CIN/mpps/paulaperazzo/ExAI-project/env/lib/python3.10/site-packages/keras/src/models/functional.py:225: UserWarning: The structure of `inputs` doesn't match the expected structure: ['keras_tensor_960', 'keras_tensor_966', 'keras_tensor_972', 'keras_tensor_978', 'keras_tensor_984', 'keras_tensor_990']. Received: the structure of inputs=('*', '*', '*', '*', '*', '*')
  warnings.warn(
[I 2024-11-11 16:10:58,998] Trial 24 finished with value: 0.9628252983093262 and parameters: {'num_filters1': 32, 'num_filters2': 96, 'dense_units1': 64, 'dense_units2': 96, 'learning_rate': 0.0008822216520533645, 'batch_size': 64}. Best is trial 15 with value: 0.9795538783073425.
/home/CIN/mpps/paulaperazzo/ExAI-project/src/optimization.py:33: FutureWarning: suggest_loguniform has been deprecated in v3.0.0. This feature will be removed in v6.0.0. See https://github.com/optuna/optuna/releases/tag/v3.0.0. Use suggest_float(..., log=True) instead.
  learning_rate = trial.suggest_loguniform("learning_rate", 1e-4, 1e-2)
/home/CIN/mpps/paulaperazzo/ExAI-project/env/lib/python3.10/site-packages/keras/src/models/functional.py:225: UserWarning: The structure of `inputs` doesn't match the expected structure: ['keras_tensor_1000', 'keras_tensor_1006', 'keras_tensor_1012', 'keras_tensor_1018', 'keras_tensor_1024', 'keras_tensor_1030']. Received: the structure of inputs=('*', '*', '*', '*', '*', '*')
  warnings.warn(
[I 2024-11-11 16:11:56,999] Trial 25 finished with value: 0.9628252983093262 and parameters: {'num_filters1': 48, 'num_filters2': 128, 'dense_units1': 128, 'dense_units2': 128, 'learning_rate': 0.0029315357569536776, 'batch_size': 64}. Best is trial 15 with value: 0.9795538783073425.
/home/CIN/mpps/paulaperazzo/ExAI-project/src/optimization.py:33: FutureWarning: suggest_loguniform has been deprecated in v3.0.0. This feature will be removed in v6.0.0. See https://github.com/optuna/optuna/releases/tag/v3.0.0. Use suggest_float(..., log=True) instead.
  learning_rate = trial.suggest_loguniform("learning_rate", 1e-4, 1e-2)
/home/CIN/mpps/paulaperazzo/ExAI-project/env/lib/python3.10/site-packages/keras/src/models/functional.py:225: UserWarning: The structure of `inputs` doesn't match the expected structure: ['keras_tensor_1040', 'keras_tensor_1046', 'keras_tensor_1052', 'keras_tensor_1058', 'keras_tensor_1064', 'keras_tensor_1070']. Received: the structure of inputs=('*', '*', '*', '*', '*', '*')
  warnings.warn(
[I 2024-11-11 16:13:28,153] Trial 26 finished with value: 0.9535316228866577 and parameters: {'num_filters1': 64, 'num_filters2': 96, 'dense_units1': 192, 'dense_units2': 64, 'learning_rate': 0.0019235465560520659, 'batch_size': 16}. Best is trial 15 with value: 0.9795538783073425.
/home/CIN/mpps/paulaperazzo/ExAI-project/src/optimization.py:33: FutureWarning: suggest_loguniform has been deprecated in v3.0.0. This feature will be removed in v6.0.0. See https://github.com/optuna/optuna/releases/tag/v3.0.0. Use suggest_float(..., log=True) instead.
  learning_rate = trial.suggest_loguniform("learning_rate", 1e-4, 1e-2)
/home/CIN/mpps/paulaperazzo/ExAI-project/env/lib/python3.10/site-packages/keras/src/models/functional.py:225: UserWarning: The structure of `inputs` doesn't match the expected structure: ['keras_tensor_1080', 'keras_tensor_1086', 'keras_tensor_1092', 'keras_tensor_1098', 'keras_tensor_1104', 'keras_tensor_1110']. Received: the structure of inputs=('*', '*', '*', '*', '*', '*')
  warnings.warn(
[I 2024-11-11 16:14:25,795] Trial 27 finished with value: 0.9544609785079956 and parameters: {'num_filters1': 48, 'num_filters2': 128, 'dense_units1': 128, 'dense_units2': 96, 'learning_rate': 0.003902119537479189, 'batch_size': 128}. Best is trial 15 with value: 0.9795538783073425.
/home/CIN/mpps/paulaperazzo/ExAI-project/src/optimization.py:33: FutureWarning: suggest_loguniform has been deprecated in v3.0.0. This feature will be removed in v6.0.0. See https://github.com/optuna/optuna/releases/tag/v3.0.0. Use suggest_float(..., log=True) instead.
  learning_rate = trial.suggest_loguniform("learning_rate", 1e-4, 1e-2)
/home/CIN/mpps/paulaperazzo/ExAI-project/env/lib/python3.10/site-packages/keras/src/models/functional.py:225: UserWarning: The structure of `inputs` doesn't match the expected structure: ['keras_tensor_1120', 'keras_tensor_1126', 'keras_tensor_1132', 'keras_tensor_1138', 'keras_tensor_1144', 'keras_tensor_1150']. Received: the structure of inputs=('*', '*', '*', '*', '*', '*')
  warnings.warn(
[I 2024-11-11 16:15:07,757] Trial 28 finished with value: 0.9618958830833435 and parameters: {'num_filters1': 32, 'num_filters2': 128, 'dense_units1': 64, 'dense_units2': 128, 'learning_rate': 0.000548066383999744, 'batch_size': 64}. Best is trial 15 with value: 0.9795538783073425.
/home/CIN/mpps/paulaperazzo/ExAI-project/src/optimization.py:33: FutureWarning: suggest_loguniform has been deprecated in v3.0.0. This feature will be removed in v6.0.0. See https://github.com/optuna/optuna/releases/tag/v3.0.0. Use suggest_float(..., log=True) instead.
  learning_rate = trial.suggest_loguniform("learning_rate", 1e-4, 1e-2)
/home/CIN/mpps/paulaperazzo/ExAI-project/env/lib/python3.10/site-packages/keras/src/models/functional.py:225: UserWarning: The structure of `inputs` doesn't match the expected structure: ['keras_tensor_1160', 'keras_tensor_1166', 'keras_tensor_1172', 'keras_tensor_1178', 'keras_tensor_1184', 'keras_tensor_1190']. Received: the structure of inputs=('*', '*', '*', '*', '*', '*')
  warnings.warn(
[I 2024-11-11 16:15:45,658] Trial 29 finished with value: 0.9581784605979919 and parameters: {'num_filters1': 64, 'num_filters2': 96, 'dense_units1': 128, 'dense_units2': 96, 'learning_rate': 0.0010813760024232174, 'batch_size': 64}. Best is trial 15 with value: 0.9795538783073425.
/home/CIN/mpps/paulaperazzo/ExAI-project/src/optimization.py:33: FutureWarning: suggest_loguniform has been deprecated in v3.0.0. This feature will be removed in v6.0.0. See https://github.com/optuna/optuna/releases/tag/v3.0.0. Use suggest_float(..., log=True) instead.
  learning_rate = trial.suggest_loguniform("learning_rate", 1e-4, 1e-2)
/home/CIN/mpps/paulaperazzo/ExAI-project/env/lib/python3.10/site-packages/keras/src/models/functional.py:225: UserWarning: The structure of `inputs` doesn't match the expected structure: ['keras_tensor_1200', 'keras_tensor_1206', 'keras_tensor_1212', 'keras_tensor_1218', 'keras_tensor_1224', 'keras_tensor_1230']. Received: the structure of inputs=('*', '*', '*', '*', '*', '*')
  warnings.warn(
[I 2024-11-11 16:17:16,326] Trial 30 finished with value: 0.9563196897506714 and parameters: {'num_filters1': 64, 'num_filters2': 64, 'dense_units1': 192, 'dense_units2': 64, 'learning_rate': 0.006029481871176859, 'batch_size': 16}. Best is trial 15 with value: 0.9795538783073425.
/home/CIN/mpps/paulaperazzo/ExAI-project/src/optimization.py:33: FutureWarning: suggest_loguniform has been deprecated in v3.0.0. This feature will be removed in v6.0.0. See https://github.com/optuna/optuna/releases/tag/v3.0.0. Use suggest_float(..., log=True) instead.
  learning_rate = trial.suggest_loguniform("learning_rate", 1e-4, 1e-2)
/home/CIN/mpps/paulaperazzo/ExAI-project/env/lib/python3.10/site-packages/keras/src/models/functional.py:225: UserWarning: The structure of `inputs` doesn't match the expected structure: ['keras_tensor_1240', 'keras_tensor_1246', 'keras_tensor_1252', 'keras_tensor_1258', 'keras_tensor_1264', 'keras_tensor_1270']. Received: the structure of inputs=('*', '*', '*', '*', '*', '*')
  warnings.warn(
[I 2024-11-11 16:19:01,912] Trial 31 finished with value: 0.9721189737319946 and parameters: {'num_filters1': 48, 'num_filters2': 96, 'dense_units1': 128, 'dense_units2': 128, 'learning_rate': 0.0016292649322419265, 'batch_size': 16}. Best is trial 15 with value: 0.9795538783073425.
/home/CIN/mpps/paulaperazzo/ExAI-project/src/optimization.py:33: FutureWarning: suggest_loguniform has been deprecated in v3.0.0. This feature will be removed in v6.0.0. See https://github.com/optuna/optuna/releases/tag/v3.0.0. Use suggest_float(..., log=True) instead.
  learning_rate = trial.suggest_loguniform("learning_rate", 1e-4, 1e-2)
/home/CIN/mpps/paulaperazzo/ExAI-project/env/lib/python3.10/site-packages/keras/src/models/functional.py:225: UserWarning: The structure of `inputs` doesn't match the expected structure: ['keras_tensor_1280', 'keras_tensor_1286', 'keras_tensor_1292', 'keras_tensor_1298', 'keras_tensor_1304', 'keras_tensor_1310']. Received: the structure of inputs=('*', '*', '*', '*', '*', '*')
  warnings.warn(
[I 2024-11-11 16:20:10,949] Trial 32 finished with value: 0.9665427803993225 and parameters: {'num_filters1': 48, 'num_filters2': 96, 'dense_units1': 128, 'dense_units2': 128, 'learning_rate': 0.0014437552494506007, 'batch_size': 16}. Best is trial 15 with value: 0.9795538783073425.
/home/CIN/mpps/paulaperazzo/ExAI-project/src/optimization.py:33: FutureWarning: suggest_loguniform has been deprecated in v3.0.0. This feature will be removed in v6.0.0. See https://github.com/optuna/optuna/releases/tag/v3.0.0. Use suggest_float(..., log=True) instead.
  learning_rate = trial.suggest_loguniform("learning_rate", 1e-4, 1e-2)
/home/CIN/mpps/paulaperazzo/ExAI-project/env/lib/python3.10/site-packages/keras/src/models/functional.py:225: UserWarning: The structure of `inputs` doesn't match the expected structure: ['keras_tensor_1320', 'keras_tensor_1326', 'keras_tensor_1332', 'keras_tensor_1338', 'keras_tensor_1344', 'keras_tensor_1350']. Received: the structure of inputs=('*', '*', '*', '*', '*', '*')
  warnings.warn(
[I 2024-11-11 16:21:15,247] Trial 33 finished with value: 0.9776951670646667 and parameters: {'num_filters1': 48, 'num_filters2': 32, 'dense_units1': 128, 'dense_units2': 128, 'learning_rate': 0.0017256493519357534, 'batch_size': 16}. Best is trial 15 with value: 0.9795538783073425.
/home/CIN/mpps/paulaperazzo/ExAI-project/src/optimization.py:33: FutureWarning: suggest_loguniform has been deprecated in v3.0.0. This feature will be removed in v6.0.0. See https://github.com/optuna/optuna/releases/tag/v3.0.0. Use suggest_float(..., log=True) instead.
  learning_rate = trial.suggest_loguniform("learning_rate", 1e-4, 1e-2)
/home/CIN/mpps/paulaperazzo/ExAI-project/env/lib/python3.10/site-packages/keras/src/models/functional.py:225: UserWarning: The structure of `inputs` doesn't match the expected structure: ['keras_tensor_1360', 'keras_tensor_1366', 'keras_tensor_1372', 'keras_tensor_1378', 'keras_tensor_1384', 'keras_tensor_1390']. Received: the structure of inputs=('*', '*', '*', '*', '*', '*')
  warnings.warn(
[I 2024-11-11 16:21:56,290] Trial 34 finished with value: 0.9684014916419983 and parameters: {'num_filters1': 48, 'num_filters2': 32, 'dense_units1': 64, 'dense_units2': 128, 'learning_rate': 0.0021979545477494003, 'batch_size': 32}. Best is trial 15 with value: 0.9795538783073425.
/home/CIN/mpps/paulaperazzo/ExAI-project/src/optimization.py:33: FutureWarning: suggest_loguniform has been deprecated in v3.0.0. This feature will be removed in v6.0.0. See https://github.com/optuna/optuna/releases/tag/v3.0.0. Use suggest_float(..., log=True) instead.
  learning_rate = trial.suggest_loguniform("learning_rate", 1e-4, 1e-2)
/home/CIN/mpps/paulaperazzo/ExAI-project/env/lib/python3.10/site-packages/keras/src/models/functional.py:225: UserWarning: The structure of `inputs` doesn't match the expected structure: ['keras_tensor_1400', 'keras_tensor_1406', 'keras_tensor_1412', 'keras_tensor_1418', 'keras_tensor_1424', 'keras_tensor_1430']. Received: the structure of inputs=('*', '*', '*', '*', '*', '*')
  warnings.warn(
[I 2024-11-11 16:23:01,780] Trial 35 finished with value: 0.9498141407966614 and parameters: {'num_filters1': 32, 'num_filters2': 32, 'dense_units1': 192, 'dense_units2': 96, 'learning_rate': 0.0025849589509570822, 'batch_size': 16}. Best is trial 15 with value: 0.9795538783073425.
/home/CIN/mpps/paulaperazzo/ExAI-project/src/optimization.py:33: FutureWarning: suggest_loguniform has been deprecated in v3.0.0. This feature will be removed in v6.0.0. See https://github.com/optuna/optuna/releases/tag/v3.0.0. Use suggest_float(..., log=True) instead.
  learning_rate = trial.suggest_loguniform("learning_rate", 1e-4, 1e-2)
/home/CIN/mpps/paulaperazzo/ExAI-project/env/lib/python3.10/site-packages/keras/src/models/functional.py:225: UserWarning: The structure of `inputs` doesn't match the expected structure: ['keras_tensor_1440', 'keras_tensor_1446', 'keras_tensor_1452', 'keras_tensor_1458', 'keras_tensor_1464', 'keras_tensor_1470']. Received: the structure of inputs=('*', '*', '*', '*', '*', '*')
  warnings.warn(
[I 2024-11-11 16:24:25,229] Trial 36 finished with value: 0.9767658114433289 and parameters: {'num_filters1': 64, 'num_filters2': 64, 'dense_units1': 128, 'dense_units2': 128, 'learning_rate': 0.0009379316570003658, 'batch_size': 16}. Best is trial 15 with value: 0.9795538783073425.
/home/CIN/mpps/paulaperazzo/ExAI-project/src/optimization.py:33: FutureWarning: suggest_loguniform has been deprecated in v3.0.0. This feature will be removed in v6.0.0. See https://github.com/optuna/optuna/releases/tag/v3.0.0. Use suggest_float(..., log=True) instead.
  learning_rate = trial.suggest_loguniform("learning_rate", 1e-4, 1e-2)
/home/CIN/mpps/paulaperazzo/ExAI-project/env/lib/python3.10/site-packages/keras/src/models/functional.py:225: UserWarning: The structure of `inputs` doesn't match the expected structure: ['keras_tensor_1480', 'keras_tensor_1486', 'keras_tensor_1492', 'keras_tensor_1498', 'keras_tensor_1504', 'keras_tensor_1510']. Received: the structure of inputs=('*', '*', '*', '*', '*', '*')
  warnings.warn(
[I 2024-11-11 16:25:27,138] Trial 37 finished with value: 0.9665427803993225 and parameters: {'num_filters1': 64, 'num_filters2': 32, 'dense_units1': 128, 'dense_units2': 128, 'learning_rate': 0.0009194255971369271, 'batch_size': 16}. Best is trial 15 with value: 0.9795538783073425.
/home/CIN/mpps/paulaperazzo/ExAI-project/src/optimization.py:33: FutureWarning: suggest_loguniform has been deprecated in v3.0.0. This feature will be removed in v6.0.0. See https://github.com/optuna/optuna/releases/tag/v3.0.0. Use suggest_float(..., log=True) instead.
  learning_rate = trial.suggest_loguniform("learning_rate", 1e-4, 1e-2)
/home/CIN/mpps/paulaperazzo/ExAI-project/env/lib/python3.10/site-packages/keras/src/models/functional.py:225: UserWarning: The structure of `inputs` doesn't match the expected structure: ['keras_tensor_1520', 'keras_tensor_1526', 'keras_tensor_1532', 'keras_tensor_1538', 'keras_tensor_1544', 'keras_tensor_1550']. Received: the structure of inputs=('*', '*', '*', '*', '*', '*')
  warnings.warn(
[I 2024-11-11 16:26:19,644] Trial 38 finished with value: 0.9572490453720093 and parameters: {'num_filters1': 16, 'num_filters2': 64, 'dense_units1': 128, 'dense_units2': 128, 'learning_rate': 0.0006268554708270726, 'batch_size': 16}. Best is trial 15 with value: 0.9795538783073425.
/home/CIN/mpps/paulaperazzo/ExAI-project/src/optimization.py:33: FutureWarning: suggest_loguniform has been deprecated in v3.0.0. This feature will be removed in v6.0.0. See https://github.com/optuna/optuna/releases/tag/v3.0.0. Use suggest_float(..., log=True) instead.
  learning_rate = trial.suggest_loguniform("learning_rate", 1e-4, 1e-2)
/home/CIN/mpps/paulaperazzo/ExAI-project/env/lib/python3.10/site-packages/keras/src/models/functional.py:225: UserWarning: The structure of `inputs` doesn't match the expected structure: ['keras_tensor_1560', 'keras_tensor_1566', 'keras_tensor_1572', 'keras_tensor_1578', 'keras_tensor_1584', 'keras_tensor_1590']. Received: the structure of inputs=('*', '*', '*', '*', '*', '*')
  warnings.warn(
