2024-11-06 15:18:35.864828: I tensorflow/core/util/port.cc:153] oneDNN custom operations are on. You may see slightly different numerical results due to floating-point round-off errors from different computation orders. To turn them off, set the environment variable `TF_ENABLE_ONEDNN_OPTS=0`.
2024-11-06 15:18:35.912889: I external/local_xla/xla/tsl/cuda/cudart_stub.cc:32] Could not find cuda drivers on your machine, GPU will not be used.
2024-11-06 15:18:36.405598: I external/local_xla/xla/tsl/cuda/cudart_stub.cc:32] Could not find cuda drivers on your machine, GPU will not be used.
2024-11-06 15:18:36.848880: E external/local_xla/xla/stream_executor/cuda/cuda_fft.cc:477] Unable to register cuFFT factory: Attempting to register factory for plugin cuFFT when one has already been registered
WARNING: All log messages before absl::InitializeLog() is called are written to STDERR
E0000 00:00:1730917117.220298 1156898 cuda_dnn.cc:8310] Unable to register cuDNN factory: Attempting to register factory for plugin cuDNN when one has already been registered
E0000 00:00:1730917117.328127 1156898 cuda_blas.cc:1418] Unable to register cuBLAS factory: Attempting to register factory for plugin cuBLAS when one has already been registered
2024-11-06 15:18:38.311450: I tensorflow/core/platform/cpu_feature_guard.cc:210] This TensorFlow binary is optimized to use available CPU instructions in performance-critical operations.
To enable the following instructions: AVX2 AVX512F AVX512_VNNI FMA, in other operations, rebuild TensorFlow with the appropriate compiler flags.
[I 2024-11-06 15:18:50,402] A new study created in memory with name: no-name-beba5343-96e5-4a6f-9e95-23274731e9c8
/home/CIN/mpps/paulaperazzo/ExAI-project/src/optimization.py:33: FutureWarning: suggest_loguniform has been deprecated in v3.0.0. This feature will be removed in v6.0.0. See https://github.com/optuna/optuna/releases/tag/v3.0.0. Use suggest_float(..., log=True) instead.
  learning_rate = trial.suggest_loguniform("learning_rate", 1e-4, 1e-2)
W0000 00:00:1730917133.961438 1156898 gpu_device.cc:2344] Cannot dlopen some GPU libraries. Please make sure the missing libraries mentioned above are installed properly if you would like to use GPU. Follow the guide at https://www.tensorflow.org/install/gpu for how to download and setup the required libraries for your platform.
Skipping registering GPU devices...
/home/CIN/mpps/paulaperazzo/ExAI-project/env/lib/python3.10/site-packages/keras/src/models/functional.py:225: UserWarning: The structure of `inputs` doesn't match the expected structure: ['keras_tensor', 'keras_tensor_6', 'keras_tensor_12', 'keras_tensor_18', 'keras_tensor_24', 'keras_tensor_30']. Received: the structure of inputs=('*', '*', '*', '*', '*', '*')
  warnings.warn(
[I 2024-11-06 15:19:29,665] Trial 0 finished with value: 0.8970189690589905 and parameters: {'num_filters1': 16, 'num_filters2': 32, 'dense_units1': 256, 'dense_units2': 64, 'learning_rate': 0.0004785146721649072, 'batch_size': 16}. Best is trial 0 with value: 0.8970189690589905.
/home/CIN/mpps/paulaperazzo/ExAI-project/src/optimization.py:33: FutureWarning: suggest_loguniform has been deprecated in v3.0.0. This feature will be removed in v6.0.0. See https://github.com/optuna/optuna/releases/tag/v3.0.0. Use suggest_float(..., log=True) instead.
  learning_rate = trial.suggest_loguniform("learning_rate", 1e-4, 1e-2)
/home/CIN/mpps/paulaperazzo/ExAI-project/env/lib/python3.10/site-packages/keras/src/models/functional.py:225: UserWarning: The structure of `inputs` doesn't match the expected structure: ['keras_tensor_40', 'keras_tensor_46', 'keras_tensor_52', 'keras_tensor_58', 'keras_tensor_64', 'keras_tensor_70']. Received: the structure of inputs=('*', '*', '*', '*', '*', '*')
  warnings.warn(
[I 2024-11-06 15:19:45,429] Trial 1 finished with value: 0.8672086596488953 and parameters: {'num_filters1': 16, 'num_filters2': 32, 'dense_units1': 192, 'dense_units2': 64, 'learning_rate': 0.002821361378723215, 'batch_size': 128}. Best is trial 0 with value: 0.8970189690589905.
/home/CIN/mpps/paulaperazzo/ExAI-project/src/optimization.py:33: FutureWarning: suggest_loguniform has been deprecated in v3.0.0. This feature will be removed in v6.0.0. See https://github.com/optuna/optuna/releases/tag/v3.0.0. Use suggest_float(..., log=True) instead.
  learning_rate = trial.suggest_loguniform("learning_rate", 1e-4, 1e-2)
/home/CIN/mpps/paulaperazzo/ExAI-project/env/lib/python3.10/site-packages/keras/src/models/functional.py:225: UserWarning: The structure of `inputs` doesn't match the expected structure: ['keras_tensor_80', 'keras_tensor_86', 'keras_tensor_92', 'keras_tensor_98', 'keras_tensor_104', 'keras_tensor_110']. Received: the structure of inputs=('*', '*', '*', '*', '*', '*')
  warnings.warn(
[I 2024-11-06 15:20:19,345] Trial 2 finished with value: 0.8915989398956299 and parameters: {'num_filters1': 32, 'num_filters2': 64, 'dense_units1': 64, 'dense_units2': 96, 'learning_rate': 0.0001395921316708329, 'batch_size': 64}. Best is trial 0 with value: 0.8970189690589905.
/home/CIN/mpps/paulaperazzo/ExAI-project/src/optimization.py:33: FutureWarning: suggest_loguniform has been deprecated in v3.0.0. This feature will be removed in v6.0.0. See https://github.com/optuna/optuna/releases/tag/v3.0.0. Use suggest_float(..., log=True) instead.
  learning_rate = trial.suggest_loguniform("learning_rate", 1e-4, 1e-2)
/home/CIN/mpps/paulaperazzo/ExAI-project/env/lib/python3.10/site-packages/keras/src/models/functional.py:225: UserWarning: The structure of `inputs` doesn't match the expected structure: ['keras_tensor_120', 'keras_tensor_126', 'keras_tensor_132', 'keras_tensor_138', 'keras_tensor_144', 'keras_tensor_150']. Received: the structure of inputs=('*', '*', '*', '*', '*', '*')
  warnings.warn(
[I 2024-11-06 15:20:57,028] Trial 3 finished with value: 0.869918704032898 and parameters: {'num_filters1': 64, 'num_filters2': 128, 'dense_units1': 256, 'dense_units2': 32, 'learning_rate': 0.0003997697398123389, 'batch_size': 128}. Best is trial 0 with value: 0.8970189690589905.
/home/CIN/mpps/paulaperazzo/ExAI-project/src/optimization.py:33: FutureWarning: suggest_loguniform has been deprecated in v3.0.0. This feature will be removed in v6.0.0. See https://github.com/optuna/optuna/releases/tag/v3.0.0. Use suggest_float(..., log=True) instead.
  learning_rate = trial.suggest_loguniform("learning_rate", 1e-4, 1e-2)
/home/CIN/mpps/paulaperazzo/ExAI-project/env/lib/python3.10/site-packages/keras/src/models/functional.py:225: UserWarning: The structure of `inputs` doesn't match the expected structure: ['keras_tensor_160', 'keras_tensor_166', 'keras_tensor_172', 'keras_tensor_178', 'keras_tensor_184', 'keras_tensor_190']. Received: the structure of inputs=('*', '*', '*', '*', '*', '*')
  warnings.warn(
[I 2024-11-06 15:21:46,534] Trial 4 finished with value: 0.8387534022331238 and parameters: {'num_filters1': 48, 'num_filters2': 96, 'dense_units1': 256, 'dense_units2': 96, 'learning_rate': 0.003820905175119532, 'batch_size': 32}. Best is trial 0 with value: 0.8970189690589905.
/home/CIN/mpps/paulaperazzo/ExAI-project/src/optimization.py:33: FutureWarning: suggest_loguniform has been deprecated in v3.0.0. This feature will be removed in v6.0.0. See https://github.com/optuna/optuna/releases/tag/v3.0.0. Use suggest_float(..., log=True) instead.
  learning_rate = trial.suggest_loguniform("learning_rate", 1e-4, 1e-2)
/home/CIN/mpps/paulaperazzo/ExAI-project/env/lib/python3.10/site-packages/keras/src/models/functional.py:225: UserWarning: The structure of `inputs` doesn't match the expected structure: ['keras_tensor_200', 'keras_tensor_206', 'keras_tensor_212', 'keras_tensor_218', 'keras_tensor_224', 'keras_tensor_230']. Received: the structure of inputs=('*', '*', '*', '*', '*', '*')
  warnings.warn(
[I 2024-11-06 15:22:14,602] Trial 5 finished with value: 0.9037940502166748 and parameters: {'num_filters1': 48, 'num_filters2': 64, 'dense_units1': 256, 'dense_units2': 32, 'learning_rate': 0.0004980072839365293, 'batch_size': 128}. Best is trial 5 with value: 0.9037940502166748.
/home/CIN/mpps/paulaperazzo/ExAI-project/src/optimization.py:33: FutureWarning: suggest_loguniform has been deprecated in v3.0.0. This feature will be removed in v6.0.0. See https://github.com/optuna/optuna/releases/tag/v3.0.0. Use suggest_float(..., log=True) instead.
  learning_rate = trial.suggest_loguniform("learning_rate", 1e-4, 1e-2)
/home/CIN/mpps/paulaperazzo/ExAI-project/env/lib/python3.10/site-packages/keras/src/models/functional.py:225: UserWarning: The structure of `inputs` doesn't match the expected structure: ['keras_tensor_240', 'keras_tensor_246', 'keras_tensor_252', 'keras_tensor_258', 'keras_tensor_264', 'keras_tensor_270']. Received: the structure of inputs=('*', '*', '*', '*', '*', '*')
  warnings.warn(
[I 2024-11-06 15:22:34,070] Trial 6 finished with value: 0.8861788511276245 and parameters: {'num_filters1': 64, 'num_filters2': 32, 'dense_units1': 192, 'dense_units2': 96, 'learning_rate': 0.0010384314971358163, 'batch_size': 64}. Best is trial 5 with value: 0.9037940502166748.
/home/CIN/mpps/paulaperazzo/ExAI-project/src/optimization.py:33: FutureWarning: suggest_loguniform has been deprecated in v3.0.0. This feature will be removed in v6.0.0. See https://github.com/optuna/optuna/releases/tag/v3.0.0. Use suggest_float(..., log=True) instead.
  learning_rate = trial.suggest_loguniform("learning_rate", 1e-4, 1e-2)
/home/CIN/mpps/paulaperazzo/ExAI-project/env/lib/python3.10/site-packages/keras/src/models/functional.py:225: UserWarning: The structure of `inputs` doesn't match the expected structure: ['keras_tensor_280', 'keras_tensor_286', 'keras_tensor_292', 'keras_tensor_298', 'keras_tensor_304', 'keras_tensor_310']. Received: the structure of inputs=('*', '*', '*', '*', '*', '*')
  warnings.warn(
[I 2024-11-06 15:23:01,571] Trial 7 finished with value: 0.8848238587379456 and parameters: {'num_filters1': 32, 'num_filters2': 64, 'dense_units1': 192, 'dense_units2': 32, 'learning_rate': 0.0005649472516190716, 'batch_size': 128}. Best is trial 5 with value: 0.9037940502166748.
/home/CIN/mpps/paulaperazzo/ExAI-project/src/optimization.py:33: FutureWarning: suggest_loguniform has been deprecated in v3.0.0. This feature will be removed in v6.0.0. See https://github.com/optuna/optuna/releases/tag/v3.0.0. Use suggest_float(..., log=True) instead.
  learning_rate = trial.suggest_loguniform("learning_rate", 1e-4, 1e-2)
/home/CIN/mpps/paulaperazzo/ExAI-project/env/lib/python3.10/site-packages/keras/src/models/functional.py:225: UserWarning: The structure of `inputs` doesn't match the expected structure: ['keras_tensor_320', 'keras_tensor_326', 'keras_tensor_332', 'keras_tensor_338', 'keras_tensor_344', 'keras_tensor_350']. Received: the structure of inputs=('*', '*', '*', '*', '*', '*')
  warnings.warn(
[I 2024-11-06 15:23:31,363] Trial 8 finished with value: 0.8726287484169006 and parameters: {'num_filters1': 16, 'num_filters2': 64, 'dense_units1': 192, 'dense_units2': 96, 'learning_rate': 0.0006379524398530438, 'batch_size': 32}. Best is trial 5 with value: 0.9037940502166748.
/home/CIN/mpps/paulaperazzo/ExAI-project/src/optimization.py:33: FutureWarning: suggest_loguniform has been deprecated in v3.0.0. This feature will be removed in v6.0.0. See https://github.com/optuna/optuna/releases/tag/v3.0.0. Use suggest_float(..., log=True) instead.
  learning_rate = trial.suggest_loguniform("learning_rate", 1e-4, 1e-2)
/home/CIN/mpps/paulaperazzo/ExAI-project/env/lib/python3.10/site-packages/keras/src/models/functional.py:225: UserWarning: The structure of `inputs` doesn't match the expected structure: ['keras_tensor_360', 'keras_tensor_366', 'keras_tensor_372', 'keras_tensor_378', 'keras_tensor_384', 'keras_tensor_390']. Received: the structure of inputs=('*', '*', '*', '*', '*', '*')
  warnings.warn(
[I 2024-11-06 15:24:25,193] Trial 9 finished with value: 0.8617886304855347 and parameters: {'num_filters1': 32, 'num_filters2': 128, 'dense_units1': 256, 'dense_units2': 96, 'learning_rate': 0.0020071864200770927, 'batch_size': 32}. Best is trial 5 with value: 0.9037940502166748.
/home/CIN/mpps/paulaperazzo/ExAI-project/src/optimization.py:33: FutureWarning: suggest_loguniform has been deprecated in v3.0.0. This feature will be removed in v6.0.0. See https://github.com/optuna/optuna/releases/tag/v3.0.0. Use suggest_float(..., log=True) instead.
  learning_rate = trial.suggest_loguniform("learning_rate", 1e-4, 1e-2)
/home/CIN/mpps/paulaperazzo/ExAI-project/env/lib/python3.10/site-packages/keras/src/models/functional.py:225: UserWarning: The structure of `inputs` doesn't match the expected structure: ['keras_tensor_400', 'keras_tensor_406', 'keras_tensor_412', 'keras_tensor_418', 'keras_tensor_424', 'keras_tensor_430']. Received: the structure of inputs=('*', '*', '*', '*', '*', '*')
  warnings.warn(
[I 2024-11-06 15:25:07,490] Trial 10 finished with value: 0.8211382031440735 and parameters: {'num_filters1': 48, 'num_filters2': 96, 'dense_units1': 64, 'dense_units2': 128, 'learning_rate': 0.009782063755869342, 'batch_size': 16}. Best is trial 5 with value: 0.9037940502166748.
/home/CIN/mpps/paulaperazzo/ExAI-project/src/optimization.py:33: FutureWarning: suggest_loguniform has been deprecated in v3.0.0. This feature will be removed in v6.0.0. See https://github.com/optuna/optuna/releases/tag/v3.0.0. Use suggest_float(..., log=True) instead.
  learning_rate = trial.suggest_loguniform("learning_rate", 1e-4, 1e-2)
/home/CIN/mpps/paulaperazzo/ExAI-project/env/lib/python3.10/site-packages/keras/src/models/functional.py:225: UserWarning: The structure of `inputs` doesn't match the expected structure: ['keras_tensor_440', 'keras_tensor_446', 'keras_tensor_452', 'keras_tensor_458', 'keras_tensor_464', 'keras_tensor_470']. Received: the structure of inputs=('*', '*', '*', '*', '*', '*')
  warnings.warn(
[I 2024-11-06 15:25:38,054] Trial 11 finished with value: 0.9037940502166748 and parameters: {'num_filters1': 48, 'num_filters2': 32, 'dense_units1': 128, 'dense_units2': 64, 'learning_rate': 0.0001808264639769683, 'batch_size': 16}. Best is trial 5 with value: 0.9037940502166748.
/home/CIN/mpps/paulaperazzo/ExAI-project/src/optimization.py:33: FutureWarning: suggest_loguniform has been deprecated in v3.0.0. This feature will be removed in v6.0.0. See https://github.com/optuna/optuna/releases/tag/v3.0.0. Use suggest_float(..., log=True) instead.
  learning_rate = trial.suggest_loguniform("learning_rate", 1e-4, 1e-2)
/home/CIN/mpps/paulaperazzo/ExAI-project/env/lib/python3.10/site-packages/keras/src/models/functional.py:225: UserWarning: The structure of `inputs` doesn't match the expected structure: ['keras_tensor_480', 'keras_tensor_486', 'keras_tensor_492', 'keras_tensor_498', 'keras_tensor_504', 'keras_tensor_510']. Received: the structure of inputs=('*', '*', '*', '*', '*', '*')
  warnings.warn(
[I 2024-11-06 15:26:24,168] Trial 12 finished with value: 0.9173441529273987 and parameters: {'num_filters1': 48, 'num_filters2': 32, 'dense_units1': 128, 'dense_units2': 32, 'learning_rate': 0.00015332574281640653, 'batch_size': 16}. Best is trial 12 with value: 0.9173441529273987.
/home/CIN/mpps/paulaperazzo/ExAI-project/src/optimization.py:33: FutureWarning: suggest_loguniform has been deprecated in v3.0.0. This feature will be removed in v6.0.0. See https://github.com/optuna/optuna/releases/tag/v3.0.0. Use suggest_float(..., log=True) instead.
  learning_rate = trial.suggest_loguniform("learning_rate", 1e-4, 1e-2)
/home/CIN/mpps/paulaperazzo/ExAI-project/env/lib/python3.10/site-packages/keras/src/models/functional.py:225: UserWarning: The structure of `inputs` doesn't match the expected structure: ['keras_tensor_520', 'keras_tensor_526', 'keras_tensor_532', 'keras_tensor_538', 'keras_tensor_544', 'keras_tensor_550']. Received: the structure of inputs=('*', '*', '*', '*', '*', '*')
  warnings.warn(
[I 2024-11-06 15:27:21,540] Trial 13 finished with value: 0.9200541973114014 and parameters: {'num_filters1': 48, 'num_filters2': 64, 'dense_units1': 128, 'dense_units2': 32, 'learning_rate': 0.00010086616270719779, 'batch_size': 128}. Best is trial 13 with value: 0.9200541973114014.
/home/CIN/mpps/paulaperazzo/ExAI-project/src/optimization.py:33: FutureWarning: suggest_loguniform has been deprecated in v3.0.0. This feature will be removed in v6.0.0. See https://github.com/optuna/optuna/releases/tag/v3.0.0. Use suggest_float(..., log=True) instead.
  learning_rate = trial.suggest_loguniform("learning_rate", 1e-4, 1e-2)
/home/CIN/mpps/paulaperazzo/ExAI-project/env/lib/python3.10/site-packages/keras/src/models/functional.py:225: UserWarning: The structure of `inputs` doesn't match the expected structure: ['keras_tensor_560', 'keras_tensor_566', 'keras_tensor_572', 'keras_tensor_578', 'keras_tensor_584', 'keras_tensor_590']. Received: the structure of inputs=('*', '*', '*', '*', '*', '*')
  warnings.warn(
[I 2024-11-06 15:28:21,301] Trial 14 finished with value: 0.8983739614486694 and parameters: {'num_filters1': 64, 'num_filters2': 96, 'dense_units1': 128, 'dense_units2': 32, 'learning_rate': 0.00011189249960997406, 'batch_size': 16}. Best is trial 13 with value: 0.9200541973114014.
/home/CIN/mpps/paulaperazzo/ExAI-project/src/optimization.py:33: FutureWarning: suggest_loguniform has been deprecated in v3.0.0. This feature will be removed in v6.0.0. See https://github.com/optuna/optuna/releases/tag/v3.0.0. Use suggest_float(..., log=True) instead.
  learning_rate = trial.suggest_loguniform("learning_rate", 1e-4, 1e-2)
/home/CIN/mpps/paulaperazzo/ExAI-project/env/lib/python3.10/site-packages/keras/src/models/functional.py:225: UserWarning: The structure of `inputs` doesn't match the expected structure: ['keras_tensor_600', 'keras_tensor_606', 'keras_tensor_612', 'keras_tensor_618', 'keras_tensor_624', 'keras_tensor_630']. Received: the structure of inputs=('*', '*', '*', '*', '*', '*')
  warnings.warn(
[I 2024-11-06 15:28:41,694] Trial 15 finished with value: 0.8983739614486694 and parameters: {'num_filters1': 48, 'num_filters2': 32, 'dense_units1': 128, 'dense_units2': 32, 'learning_rate': 0.00022749081112235362, 'batch_size': 128}. Best is trial 13 with value: 0.9200541973114014.
/home/CIN/mpps/paulaperazzo/ExAI-project/src/optimization.py:33: FutureWarning: suggest_loguniform has been deprecated in v3.0.0. This feature will be removed in v6.0.0. See https://github.com/optuna/optuna/releases/tag/v3.0.0. Use suggest_float(..., log=True) instead.
  learning_rate = trial.suggest_loguniform("learning_rate", 1e-4, 1e-2)
/home/CIN/mpps/paulaperazzo/ExAI-project/env/lib/python3.10/site-packages/keras/src/models/functional.py:225: UserWarning: The structure of `inputs` doesn't match the expected structure: ['keras_tensor_640', 'keras_tensor_646', 'keras_tensor_652', 'keras_tensor_658', 'keras_tensor_664', 'keras_tensor_670']. Received: the structure of inputs=('*', '*', '*', '*', '*', '*')
  warnings.warn(
[I 2024-11-06 15:29:34,601] Trial 16 finished with value: 0.8915989398956299 and parameters: {'num_filters1': 32, 'num_filters2': 64, 'dense_units1': 128, 'dense_units2': 64, 'learning_rate': 0.00024150999918658953, 'batch_size': 16}. Best is trial 13 with value: 0.9200541973114014.
/home/CIN/mpps/paulaperazzo/ExAI-project/src/optimization.py:33: FutureWarning: suggest_loguniform has been deprecated in v3.0.0. This feature will be removed in v6.0.0. See https://github.com/optuna/optuna/releases/tag/v3.0.0. Use suggest_float(..., log=True) instead.
  learning_rate = trial.suggest_loguniform("learning_rate", 1e-4, 1e-2)
/home/CIN/mpps/paulaperazzo/ExAI-project/env/lib/python3.10/site-packages/keras/src/models/functional.py:225: UserWarning: The structure of `inputs` doesn't match the expected structure: ['keras_tensor_680', 'keras_tensor_686', 'keras_tensor_692', 'keras_tensor_698', 'keras_tensor_704', 'keras_tensor_710']. Received: the structure of inputs=('*', '*', '*', '*', '*', '*')
  warnings.warn(
[I 2024-11-06 15:30:04,626] Trial 17 finished with value: 0.9173441529273987 and parameters: {'num_filters1': 64, 'num_filters2': 32, 'dense_units1': 64, 'dense_units2': 128, 'learning_rate': 0.00010436818302871073, 'batch_size': 64}. Best is trial 13 with value: 0.9200541973114014.
/home/CIN/mpps/paulaperazzo/ExAI-project/src/optimization.py:33: FutureWarning: suggest_loguniform has been deprecated in v3.0.0. This feature will be removed in v6.0.0. See https://github.com/optuna/optuna/releases/tag/v3.0.0. Use suggest_float(..., log=True) instead.
  learning_rate = trial.suggest_loguniform("learning_rate", 1e-4, 1e-2)
/home/CIN/mpps/paulaperazzo/ExAI-project/env/lib/python3.10/site-packages/keras/src/models/functional.py:225: UserWarning: The structure of `inputs` doesn't match the expected structure: ['keras_tensor_720', 'keras_tensor_726', 'keras_tensor_732', 'keras_tensor_738', 'keras_tensor_744', 'keras_tensor_750']. Received: the structure of inputs=('*', '*', '*', '*', '*', '*')
  warnings.warn(
